#! /usr/local/Cellar/icarus-verilog/10.0/bin/vvp
:ivl_version "10.0 (stable)" "(v10_0)";
:ivl_delay_selection "TYPICAL";
:vpi_time_precision + 0;
:vpi_module "system";
:vpi_module "vhdl_sys";
:vpi_module "v2005_math";
:vpi_module "va_math";
S_0x7fe1c5c07590 .scope module, "Xor" "Xor" 2 24;
 .timescale 0 0;
    .port_info 0 /INPUT 1 "a"
    .port_info 1 /INPUT 1 "b"
    .port_info 2 /OUTPUT 1 "out"
v0x7fe1c5c300d0_0 .net "Nota", 0 0, L_0x7fe1c5c33a00;  1 drivers
v0x7fe1c5c301f0_0 .net "NotaAndb", 0 0, L_0x7fe1c5c2eeb0;  1 drivers
v0x7fe1c5c30280_0 .net "Notb", 0 0, L_0x7fe1c5c33a70;  1 drivers
o0x10ae22008 .functor BUFZ 1, C4<z>; HiZ drive
v0x7fe1c5c30390_0 .net "a", 0 0, o0x10ae22008;  0 drivers
v0x7fe1c5c30420_0 .net "aAndNotb", 0 0, L_0x7fe1c5c33c50;  1 drivers
o0x10ae22158 .functor BUFZ 1, C4<z>; HiZ drive
v0x7fe1c5c304b0_0 .net "b", 0 0, o0x10ae22158;  0 drivers
v0x7fe1c5c30540_0 .net "out", 0 0, L_0x7fe1c5c34140;  1 drivers
S_0x7fe1c5c05cb0 .scope module, "g1" "Not" 2 25, 2 14 0, S_0x7fe1c5c07590;
 .timescale 0 0;
    .port_info 0 /INPUT 1 "in"
    .port_info 1 /OUTPUT 1 "out"
v0x7fe1c5c2bad0_0 .net "in", 0 0, o0x10ae22008;  alias, 0 drivers
v0x7fe1c5c2bbb0_0 .net "out", 0 0, L_0x7fe1c5c33a00;  alias, 1 drivers
S_0x7fe1c5c033d0 .scope module, "g" "Nand" 2 15, 3 1 0, S_0x7fe1c5c05cb0;
 .timescale 0 0;
    .port_info 0 /INPUT 1 "a"
    .port_info 1 /INPUT 1 "b"
    .port_info 2 /OUTPUT 1 "out"
L_0x7fe1c5c33a00 .functor NAND 1, o0x10ae22008, o0x10ae22008, C4<1>, C4<1>;
v0x7fe1c5c08b20_0 .net "a", 0 0, o0x10ae22008;  alias, 0 drivers
v0x7fe1c5c2b930_0 .net "b", 0 0, o0x10ae22008;  alias, 0 drivers
v0x7fe1c5c2b9f0_0 .net "out", 0 0, L_0x7fe1c5c33a00;  alias, 1 drivers
S_0x7fe1c5c2bc40 .scope module, "g2" "Not" 2 26, 2 14 0, S_0x7fe1c5c07590;
 .timescale 0 0;
    .port_info 0 /INPUT 1 "in"
    .port_info 1 /OUTPUT 1 "out"
v0x7fe1c5c2c2a0_0 .net "in", 0 0, o0x10ae22158;  alias, 0 drivers
v0x7fe1c5c2c380_0 .net "out", 0 0, L_0x7fe1c5c33a70;  alias, 1 drivers
S_0x7fe1c5c2be20 .scope module, "g" "Nand" 2 15, 3 1 0, S_0x7fe1c5c2bc40;
 .timescale 0 0;
    .port_info 0 /INPUT 1 "a"
    .port_info 1 /INPUT 1 "b"
    .port_info 2 /OUTPUT 1 "out"
L_0x7fe1c5c33a70 .functor NAND 1, o0x10ae22158, o0x10ae22158, C4<1>, C4<1>;
v0x7fe1c5c2c050_0 .net "a", 0 0, o0x10ae22158;  alias, 0 drivers
v0x7fe1c5c2c100_0 .net "b", 0 0, o0x10ae22158;  alias, 0 drivers
v0x7fe1c5c2c1c0_0 .net "out", 0 0, L_0x7fe1c5c33a70;  alias, 1 drivers
S_0x7fe1c5c2c410 .scope module, "g3" "And" 2 27, 2 3 0, S_0x7fe1c5c07590;
 .timescale 0 0;
    .port_info 0 /INPUT 1 "a"
    .port_info 1 /INPUT 1 "b"
    .port_info 2 /OUTPUT 1 "out"
v0x7fe1c5c2d260_0 .net "a", 0 0, o0x10ae22008;  alias, 0 drivers
v0x7fe1c5c2d370_0 .net "aNandb", 0 0, L_0x7fe1c5c33ae0;  1 drivers
v0x7fe1c5c2d490_0 .net "b", 0 0, L_0x7fe1c5c33a70;  alias, 1 drivers
v0x7fe1c5c2d520_0 .net "out", 0 0, L_0x7fe1c5c33c50;  alias, 1 drivers
S_0x7fe1c5c2c650 .scope module, "g1" "Nand" 2 4, 3 1 0, S_0x7fe1c5c2c410;
 .timescale 0 0;
    .port_info 0 /INPUT 1 "a"
    .port_info 1 /INPUT 1 "b"
    .port_info 2 /OUTPUT 1 "out"
L_0x7fe1c5c33ae0 .functor NAND 1, o0x10ae22008, L_0x7fe1c5c33a70, C4<1>, C4<1>;
v0x7fe1c5c2c870_0 .net "a", 0 0, o0x10ae22008;  alias, 0 drivers
v0x7fe1c5c2c900_0 .net "b", 0 0, L_0x7fe1c5c33a70;  alias, 1 drivers
v0x7fe1c5c2c9e0_0 .net "out", 0 0, L_0x7fe1c5c33ae0;  alias, 1 drivers
S_0x7fe1c5c2cab0 .scope module, "g2" "Not" 2 5, 2 14 0, S_0x7fe1c5c2c410;
 .timescale 0 0;
    .port_info 0 /INPUT 1 "in"
    .port_info 1 /OUTPUT 1 "out"
v0x7fe1c5c2d110_0 .net "in", 0 0, L_0x7fe1c5c33ae0;  alias, 1 drivers
v0x7fe1c5c2d1b0_0 .net "out", 0 0, L_0x7fe1c5c33c50;  alias, 1 drivers
S_0x7fe1c5c2cca0 .scope module, "g" "Nand" 2 15, 3 1 0, S_0x7fe1c5c2cab0;
 .timescale 0 0;
    .port_info 0 /INPUT 1 "a"
    .port_info 1 /INPUT 1 "b"
    .port_info 2 /OUTPUT 1 "out"
L_0x7fe1c5c33c50 .functor NAND 1, L_0x7fe1c5c33ae0, L_0x7fe1c5c33ae0, C4<1>, C4<1>;
v0x7fe1c5c2cec0_0 .net "a", 0 0, L_0x7fe1c5c33ae0;  alias, 1 drivers
v0x7fe1c5c2cf70_0 .net "b", 0 0, L_0x7fe1c5c33ae0;  alias, 1 drivers
v0x7fe1c5c2d040_0 .net "out", 0 0, L_0x7fe1c5c33c50;  alias, 1 drivers
S_0x7fe1c5c2d5b0 .scope module, "g4" "And" 2 28, 2 3 0, S_0x7fe1c5c07590;
 .timescale 0 0;
    .port_info 0 /INPUT 1 "a"
    .port_info 1 /INPUT 1 "b"
    .port_info 2 /OUTPUT 1 "out"
v0x7fe1c5c2e3d0_0 .net "a", 0 0, L_0x7fe1c5c33a00;  alias, 1 drivers
v0x7fe1c5c2e460_0 .net "aNandb", 0 0, L_0x7fe1c5c2d300;  1 drivers
v0x7fe1c5c2e580_0 .net "b", 0 0, o0x10ae22158;  alias, 0 drivers
v0x7fe1c5c2e6b0_0 .net "out", 0 0, L_0x7fe1c5c2eeb0;  alias, 1 drivers
S_0x7fe1c5c2d7b0 .scope module, "g1" "Nand" 2 4, 3 1 0, S_0x7fe1c5c2d5b0;
 .timescale 0 0;
    .port_info 0 /INPUT 1 "a"
    .port_info 1 /INPUT 1 "b"
    .port_info 2 /OUTPUT 1 "out"
L_0x7fe1c5c2d300 .functor NAND 1, L_0x7fe1c5c33a00, o0x10ae22158, C4<1>, C4<1>;
v0x7fe1c5c2d9d0_0 .net "a", 0 0, L_0x7fe1c5c33a00;  alias, 1 drivers
v0x7fe1c5c2dab0_0 .net "b", 0 0, o0x10ae22158;  alias, 0 drivers
v0x7fe1c5c2db50_0 .net "out", 0 0, L_0x7fe1c5c2d300;  alias, 1 drivers
S_0x7fe1c5c2dc20 .scope module, "g2" "Not" 2 5, 2 14 0, S_0x7fe1c5c2d5b0;
 .timescale 0 0;
    .port_info 0 /INPUT 1 "in"
    .port_info 1 /OUTPUT 1 "out"
v0x7fe1c5c2e280_0 .net "in", 0 0, L_0x7fe1c5c2d300;  alias, 1 drivers
v0x7fe1c5c2e320_0 .net "out", 0 0, L_0x7fe1c5c2eeb0;  alias, 1 drivers
S_0x7fe1c5c2de10 .scope module, "g" "Nand" 2 15, 3 1 0, S_0x7fe1c5c2dc20;
 .timescale 0 0;
    .port_info 0 /INPUT 1 "a"
    .port_info 1 /INPUT 1 "b"
    .port_info 2 /OUTPUT 1 "out"
L_0x7fe1c5c2eeb0 .functor NAND 1, L_0x7fe1c5c2d300, L_0x7fe1c5c2d300, C4<1>, C4<1>;
v0x7fe1c5c2e030_0 .net "a", 0 0, L_0x7fe1c5c2d300;  alias, 1 drivers
v0x7fe1c5c2e0e0_0 .net "b", 0 0, L_0x7fe1c5c2d300;  alias, 1 drivers
v0x7fe1c5c2e1b0_0 .net "out", 0 0, L_0x7fe1c5c2eeb0;  alias, 1 drivers
S_0x7fe1c5c2e740 .scope module, "g5" "Or" 2 29, 2 18 0, S_0x7fe1c5c07590;
 .timescale 0 0;
    .port_info 0 /INPUT 1 "a"
    .port_info 1 /INPUT 1 "b"
    .port_info 2 /OUTPUT 1 "out"
v0x7fe1c5c2fd80_0 .net "Nota", 0 0, L_0x7fe1c5c2e640;  1 drivers
v0x7fe1c5c2fe20_0 .net "Notb", 0 0, L_0x7fe1c5c34030;  1 drivers
v0x7fe1c5c2fec0_0 .net "a", 0 0, L_0x7fe1c5c33c50;  alias, 1 drivers
v0x7fe1c5c2ff50_0 .net "b", 0 0, L_0x7fe1c5c2eeb0;  alias, 1 drivers
v0x7fe1c5c2ffe0_0 .net "out", 0 0, L_0x7fe1c5c34140;  alias, 1 drivers
S_0x7fe1c5c2e980 .scope module, "g1" "Not" 2 19, 2 14 0, S_0x7fe1c5c2e740;
 .timescale 0 0;
    .port_info 0 /INPUT 1 "in"
    .port_info 1 /OUTPUT 1 "out"
v0x7fe1c5c2efd0_0 .net "in", 0 0, L_0x7fe1c5c33c50;  alias, 1 drivers
v0x7fe1c5c2f070_0 .net "out", 0 0, L_0x7fe1c5c2e640;  alias, 1 drivers
S_0x7fe1c5c2eb30 .scope module, "g" "Nand" 2 15, 3 1 0, S_0x7fe1c5c2e980;
 .timescale 0 0;
    .port_info 0 /INPUT 1 "a"
    .port_info 1 /INPUT 1 "b"
    .port_info 2 /OUTPUT 1 "out"
L_0x7fe1c5c2e640 .functor NAND 1, L_0x7fe1c5c33c50, L_0x7fe1c5c33c50, C4<1>, C4<1>;
v0x7fe1c5c2ed60_0 .net "a", 0 0, L_0x7fe1c5c33c50;  alias, 1 drivers
v0x7fe1c5c2ee00_0 .net "b", 0 0, L_0x7fe1c5c33c50;  alias, 1 drivers
v0x7fe1c5c2ef20_0 .net "out", 0 0, L_0x7fe1c5c2e640;  alias, 1 drivers
S_0x7fe1c5c2f120 .scope module, "g2" "Not" 2 20, 2 14 0, S_0x7fe1c5c2e740;
 .timescale 0 0;
    .port_info 0 /INPUT 1 "in"
    .port_info 1 /OUTPUT 1 "out"
v0x7fe1c5c2f7a0_0 .net "in", 0 0, L_0x7fe1c5c2eeb0;  alias, 1 drivers
v0x7fe1c5c2f840_0 .net "out", 0 0, L_0x7fe1c5c34030;  alias, 1 drivers
S_0x7fe1c5c2f300 .scope module, "g" "Nand" 2 15, 3 1 0, S_0x7fe1c5c2f120;
 .timescale 0 0;
    .port_info 0 /INPUT 1 "a"
    .port_info 1 /INPUT 1 "b"
    .port_info 2 /OUTPUT 1 "out"
L_0x7fe1c5c34030 .functor NAND 1, L_0x7fe1c5c2eeb0, L_0x7fe1c5c2eeb0, C4<1>, C4<1>;
v0x7fe1c5c2f530_0 .net "a", 0 0, L_0x7fe1c5c2eeb0;  alias, 1 drivers
v0x7fe1c5c2f5d0_0 .net "b", 0 0, L_0x7fe1c5c2eeb0;  alias, 1 drivers
v0x7fe1c5c2f6f0_0 .net "out", 0 0, L_0x7fe1c5c34030;  alias, 1 drivers
S_0x7fe1c5c2f8f0 .scope module, "g3" "Nand" 2 21, 3 1 0, S_0x7fe1c5c2e740;
 .timescale 0 0;
    .port_info 0 /INPUT 1 "a"
    .port_info 1 /INPUT 1 "b"
    .port_info 2 /OUTPUT 1 "out"
L_0x7fe1c5c34140 .functor NAND 1, L_0x7fe1c5c2e640, L_0x7fe1c5c34030, C4<1>, C4<1>;
v0x7fe1c5c2fb30_0 .net "a", 0 0, L_0x7fe1c5c2e640;  alias, 1 drivers
v0x7fe1c5c2fc00_0 .net "b", 0 0, L_0x7fe1c5c34030;  alias, 1 drivers
v0x7fe1c5c2fcd0_0 .net "out", 0 0, L_0x7fe1c5c34140;  alias, 1 drivers
S_0x7fe1c5c06520 .scope module, "main" "main" 4 3;
 .timescale 0 0;
v0x7fe1c5c336c0_0 .net "a", 0 0, L_0x7fe1c5c343b0;  1 drivers
v0x7fe1c5c337d0_0 .net "b", 0 0, L_0x7fe1c5c344f0;  1 drivers
v0x7fe1c5c338e0_0 .var "in", 0 0;
v0x7fe1c5c33970_0 .var "sel", 0 0;
S_0x7fe1c5c30610 .scope module, "g" "DMux" 4 7, 2 8 0, S_0x7fe1c5c06520;
 .timescale 0 0;
    .port_info 0 /INPUT 1 "in"
    .port_info 1 /INPUT 1 "sel"
    .port_info 2 /OUTPUT 1 "a"
    .port_info 3 /OUTPUT 1 "b"
v0x7fe1c5c332f0_0 .net "Notsel", 0 0, L_0x7fe1c5c341b0;  1 drivers
v0x7fe1c5c33400_0 .net "a", 0 0, L_0x7fe1c5c343b0;  alias, 1 drivers
v0x7fe1c5c33490_0 .net "b", 0 0, L_0x7fe1c5c344f0;  alias, 1 drivers
v0x7fe1c5c33520_0 .net "in", 0 0, v0x7fe1c5c338e0_0;  1 drivers
v0x7fe1c5c33630_0 .net "sel", 0 0, v0x7fe1c5c33970_0;  1 drivers
S_0x7fe1c5c30820 .scope module, "g1" "Not" 2 9, 2 14 0, S_0x7fe1c5c30610;
 .timescale 0 0;
    .port_info 0 /INPUT 1 "in"
    .port_info 1 /OUTPUT 1 "out"
v0x7fe1c5c30e70_0 .net "in", 0 0, v0x7fe1c5c33970_0;  alias, 1 drivers
v0x7fe1c5c30f50_0 .net "out", 0 0, L_0x7fe1c5c341b0;  alias, 1 drivers
S_0x7fe1c5c30a00 .scope module, "g" "Nand" 2 15, 3 1 0, S_0x7fe1c5c30820;
 .timescale 0 0;
    .port_info 0 /INPUT 1 "a"
    .port_info 1 /INPUT 1 "b"
    .port_info 2 /OUTPUT 1 "out"
L_0x7fe1c5c341b0 .functor NAND 1, v0x7fe1c5c33970_0, v0x7fe1c5c33970_0, C4<1>, C4<1>;
v0x7fe1c5c30c20_0 .net "a", 0 0, v0x7fe1c5c33970_0;  alias, 1 drivers
v0x7fe1c5c30cd0_0 .net "b", 0 0, v0x7fe1c5c33970_0;  alias, 1 drivers
v0x7fe1c5c30d90_0 .net "out", 0 0, L_0x7fe1c5c341b0;  alias, 1 drivers
S_0x7fe1c5c30fe0 .scope module, "g2" "And" 2 10, 2 3 0, S_0x7fe1c5c30610;
 .timescale 0 0;
    .port_info 0 /INPUT 1 "a"
    .port_info 1 /INPUT 1 "b"
    .port_info 2 /OUTPUT 1 "out"
v0x7fe1c5c31e30_0 .net "a", 0 0, L_0x7fe1c5c341b0;  alias, 1 drivers
v0x7fe1c5c31ec0_0 .net "aNandb", 0 0, L_0x7fe1c5c34340;  1 drivers
v0x7fe1c5c31fe0_0 .net "b", 0 0, v0x7fe1c5c338e0_0;  alias, 1 drivers
v0x7fe1c5c32090_0 .net "out", 0 0, L_0x7fe1c5c343b0;  alias, 1 drivers
S_0x7fe1c5c31200 .scope module, "g1" "Nand" 2 4, 3 1 0, S_0x7fe1c5c30fe0;
 .timescale 0 0;
    .port_info 0 /INPUT 1 "a"
    .port_info 1 /INPUT 1 "b"
    .port_info 2 /OUTPUT 1 "out"
L_0x7fe1c5c34340 .functor NAND 1, L_0x7fe1c5c341b0, v0x7fe1c5c338e0_0, C4<1>, C4<1>;
v0x7fe1c5c31420_0 .net "a", 0 0, L_0x7fe1c5c341b0;  alias, 1 drivers
v0x7fe1c5c31500_0 .net "b", 0 0, v0x7fe1c5c338e0_0;  alias, 1 drivers
v0x7fe1c5c315a0_0 .net "out", 0 0, L_0x7fe1c5c34340;  alias, 1 drivers
S_0x7fe1c5c31680 .scope module, "g2" "Not" 2 5, 2 14 0, S_0x7fe1c5c30fe0;
 .timescale 0 0;
    .port_info 0 /INPUT 1 "in"
    .port_info 1 /OUTPUT 1 "out"
v0x7fe1c5c31ce0_0 .net "in", 0 0, L_0x7fe1c5c34340;  alias, 1 drivers
v0x7fe1c5c31d80_0 .net "out", 0 0, L_0x7fe1c5c343b0;  alias, 1 drivers
S_0x7fe1c5c31870 .scope module, "g" "Nand" 2 15, 3 1 0, S_0x7fe1c5c31680;
 .timescale 0 0;
    .port_info 0 /INPUT 1 "a"
    .port_info 1 /INPUT 1 "b"
    .port_info 2 /OUTPUT 1 "out"
L_0x7fe1c5c343b0 .functor NAND 1, L_0x7fe1c5c34340, L_0x7fe1c5c34340, C4<1>, C4<1>;
v0x7fe1c5c31a90_0 .net "a", 0 0, L_0x7fe1c5c34340;  alias, 1 drivers
v0x7fe1c5c31b40_0 .net "b", 0 0, L_0x7fe1c5c34340;  alias, 1 drivers
v0x7fe1c5c31c10_0 .net "out", 0 0, L_0x7fe1c5c343b0;  alias, 1 drivers
S_0x7fe1c5c32160 .scope module, "g3" "And" 2 11, 2 3 0, S_0x7fe1c5c30610;
 .timescale 0 0;
    .port_info 0 /INPUT 1 "a"
    .port_info 1 /INPUT 1 "b"
    .port_info 2 /OUTPUT 1 "out"
v0x7fe1c5c32f80_0 .net "a", 0 0, v0x7fe1c5c338e0_0;  alias, 1 drivers
v0x7fe1c5c33010_0 .net "aNandb", 0 0, L_0x7fe1c5c34450;  1 drivers
v0x7fe1c5c33130_0 .net "b", 0 0, v0x7fe1c5c33970_0;  alias, 1 drivers
v0x7fe1c5c33260_0 .net "out", 0 0, L_0x7fe1c5c344f0;  alias, 1 drivers
S_0x7fe1c5c32360 .scope module, "g1" "Nand" 2 4, 3 1 0, S_0x7fe1c5c32160;
 .timescale 0 0;
    .port_info 0 /INPUT 1 "a"
    .port_info 1 /INPUT 1 "b"
    .port_info 2 /OUTPUT 1 "out"
L_0x7fe1c5c34450 .functor NAND 1, v0x7fe1c5c338e0_0, v0x7fe1c5c33970_0, C4<1>, C4<1>;
v0x7fe1c5c32580_0 .net "a", 0 0, v0x7fe1c5c338e0_0;  alias, 1 drivers
v0x7fe1c5c32660_0 .net "b", 0 0, v0x7fe1c5c33970_0;  alias, 1 drivers
v0x7fe1c5c32700_0 .net "out", 0 0, L_0x7fe1c5c34450;  alias, 1 drivers
S_0x7fe1c5c327d0 .scope module, "g2" "Not" 2 5, 2 14 0, S_0x7fe1c5c32160;
 .timescale 0 0;
    .port_info 0 /INPUT 1 "in"
    .port_info 1 /OUTPUT 1 "out"
v0x7fe1c5c32e30_0 .net "in", 0 0, L_0x7fe1c5c34450;  alias, 1 drivers
v0x7fe1c5c32ed0_0 .net "out", 0 0, L_0x7fe1c5c344f0;  alias, 1 drivers
S_0x7fe1c5c329c0 .scope module, "g" "Nand" 2 15, 3 1 0, S_0x7fe1c5c327d0;
 .timescale 0 0;
    .port_info 0 /INPUT 1 "a"
    .port_info 1 /INPUT 1 "b"
    .port_info 2 /OUTPUT 1 "out"
L_0x7fe1c5c344f0 .functor NAND 1, L_0x7fe1c5c34450, L_0x7fe1c5c34450, C4<1>, C4<1>;
v0x7fe1c5c32be0_0 .net "a", 0 0, L_0x7fe1c5c34450;  alias, 1 drivers
v0x7fe1c5c32c90_0 .net "b", 0 0, L_0x7fe1c5c34450;  alias, 1 drivers
v0x7fe1c5c32d60_0 .net "out", 0 0, L_0x7fe1c5c344f0;  alias, 1 drivers
    .scope S_0x7fe1c5c06520;
T_0 ;
    %pushi/vec4 0, 0, 1;
    %store/vec4 v0x7fe1c5c338e0_0, 0, 1;
    %end;
    .thread T_0;
    .scope S_0x7fe1c5c06520;
T_1 ;
    %pushi/vec4 0, 0, 1;
    %store/vec4 v0x7fe1c5c33970_0, 0, 1;
    %end;
    .thread T_1;
    .scope S_0x7fe1c5c06520;
T_2 ;
    %vpi_call 4 10 "$display", "%4s %5s %4s %4s\012", "in", "sel", "a", "b" {0 0 0};
    %vpi_call 4 11 "$monitor", "%4d %4d %5d %4d", v0x7fe1c5c338e0_0, v0x7fe1c5c33970_0, v0x7fe1c5c336c0_0, v0x7fe1c5c337d0_0 {0 0 0};
    %end;
    .thread T_2;
    .scope S_0x7fe1c5c06520;
T_3 ;
    %delay 50, 0;
    %load/vec4 v0x7fe1c5c33970_0;
    %pushi/vec4 1, 0, 1;
    %add;
    %store/vec4 v0x7fe1c5c33970_0, 0, 1;
    %jmp T_3;
    .thread T_3;
    .scope S_0x7fe1c5c06520;
T_4 ;
    %delay 100, 0;
    %load/vec4 v0x7fe1c5c338e0_0;
    %pushi/vec4 1, 0, 1;
    %add;
    %store/vec4 v0x7fe1c5c338e0_0, 0, 1;
    %jmp T_4;
    .thread T_4;
    .scope S_0x7fe1c5c06520;
T_5 ;
    %delay 150, 0;
    %vpi_call 4 22 "$finish", 32'sb00000000000000000000000000000000 {0 0 0};
    %end;
    .thread T_5;
# The file index is used to find the file name in the following table.
:file_names 5;
    "N/A";
    "<interactive>";
    "./gates.v";
    "./../00/gates.v";
    "DMux_test.v";
