#! /usr/local/Cellar/icarus-verilog/10.0/bin/vvp
:ivl_version "10.0 (stable)" "(v10_0)";
:ivl_delay_selection "TYPICAL";
:vpi_time_precision + 0;
:vpi_module "system";
:vpi_module "vhdl_sys";
:vpi_module "v2005_math";
:vpi_module "va_math";
S_0x7f8bc6d057b0 .scope module, "DMux" "DMux" 2 8;
 .timescale 0 0;
    .port_info 0 /INPUT 1 "in"
    .port_info 1 /INPUT 1 "sel"
    .port_info 2 /OUTPUT 1 "a"
    .port_info 3 /OUTPUT 1 "b"
v0x7f8bc6d35d90_0 .net "Notsel", 0 0, L_0x7f8bc6d400a0;  1 drivers
v0x7f8bc6d35ea0_0 .net "a", 0 0, L_0x7f8bc6d401c0;  1 drivers
v0x7f8bc6d35f30_0 .net "b", 0 0, L_0x7f8bc6d40460;  1 drivers
o0x109eab158 .functor BUFZ 1, C4<z>; HiZ drive
v0x7f8bc6d35fc0_0 .net "in", 0 0, o0x109eab158;  0 drivers
o0x109eab008 .functor BUFZ 1, C4<z>; HiZ drive
v0x7f8bc6d360d0_0 .net "sel", 0 0, o0x109eab008;  0 drivers
S_0x7f8bc6d029a0 .scope module, "g1" "Not" 2 9, 2 21 0, S_0x7f8bc6d057b0;
 .timescale 0 0;
    .port_info 0 /INPUT 1 "in"
    .port_info 1 /OUTPUT 1 "out"
v0x7f8bc6d33910_0 .net "in", 0 0, o0x109eab008;  alias, 0 drivers
v0x7f8bc6d339f0_0 .net "out", 0 0, L_0x7f8bc6d400a0;  alias, 1 drivers
S_0x7f8bc6d01880 .scope module, "g" "Nand" 2 22, 3 1 0, S_0x7f8bc6d029a0;
 .timescale 0 0;
    .port_info 0 /INPUT 1 "a"
    .port_info 1 /INPUT 1 "b"
    .port_info 2 /OUTPUT 1 "out"
L_0x7f8bc6d400a0 .functor NAND 1, o0x109eab008, o0x109eab008, C4<1>, C4<1>;
v0x7f8bc6d06d40_0 .net "a", 0 0, o0x109eab008;  alias, 0 drivers
v0x7f8bc6d33770_0 .net "b", 0 0, o0x109eab008;  alias, 0 drivers
v0x7f8bc6d33830_0 .net "out", 0 0, L_0x7f8bc6d400a0;  alias, 1 drivers
S_0x7f8bc6d33a80 .scope module, "g2" "And" 2 10, 2 3 0, S_0x7f8bc6d057b0;
 .timescale 0 0;
    .port_info 0 /INPUT 1 "a"
    .port_info 1 /INPUT 1 "b"
    .port_info 2 /OUTPUT 1 "out"
v0x7f8bc6d348d0_0 .net "a", 0 0, L_0x7f8bc6d400a0;  alias, 1 drivers
v0x7f8bc6d34960_0 .net "aNandb", 0 0, L_0x7f8bc6d40130;  1 drivers
v0x7f8bc6d34a80_0 .net "b", 0 0, o0x109eab158;  alias, 0 drivers
v0x7f8bc6d34b30_0 .net "out", 0 0, L_0x7f8bc6d401c0;  alias, 1 drivers
S_0x7f8bc6d33ca0 .scope module, "g1" "Nand" 2 4, 3 1 0, S_0x7f8bc6d33a80;
 .timescale 0 0;
    .port_info 0 /INPUT 1 "a"
    .port_info 1 /INPUT 1 "b"
    .port_info 2 /OUTPUT 1 "out"
L_0x7f8bc6d40130 .functor NAND 1, L_0x7f8bc6d400a0, o0x109eab158, C4<1>, C4<1>;
v0x7f8bc6d33ec0_0 .net "a", 0 0, L_0x7f8bc6d400a0;  alias, 1 drivers
v0x7f8bc6d33fa0_0 .net "b", 0 0, o0x109eab158;  alias, 0 drivers
v0x7f8bc6d34040_0 .net "out", 0 0, L_0x7f8bc6d40130;  alias, 1 drivers
S_0x7f8bc6d34120 .scope module, "g2" "Not" 2 5, 2 21 0, S_0x7f8bc6d33a80;
 .timescale 0 0;
    .port_info 0 /INPUT 1 "in"
    .port_info 1 /OUTPUT 1 "out"
v0x7f8bc6d34780_0 .net "in", 0 0, L_0x7f8bc6d40130;  alias, 1 drivers
v0x7f8bc6d34820_0 .net "out", 0 0, L_0x7f8bc6d401c0;  alias, 1 drivers
S_0x7f8bc6d34310 .scope module, "g" "Nand" 2 22, 3 1 0, S_0x7f8bc6d34120;
 .timescale 0 0;
    .port_info 0 /INPUT 1 "a"
    .port_info 1 /INPUT 1 "b"
    .port_info 2 /OUTPUT 1 "out"
L_0x7f8bc6d401c0 .functor NAND 1, L_0x7f8bc6d40130, L_0x7f8bc6d40130, C4<1>, C4<1>;
v0x7f8bc6d34530_0 .net "a", 0 0, L_0x7f8bc6d40130;  alias, 1 drivers
v0x7f8bc6d345e0_0 .net "b", 0 0, L_0x7f8bc6d40130;  alias, 1 drivers
v0x7f8bc6d346b0_0 .net "out", 0 0, L_0x7f8bc6d401c0;  alias, 1 drivers
S_0x7f8bc6d34c00 .scope module, "g3" "And" 2 11, 2 3 0, S_0x7f8bc6d057b0;
 .timescale 0 0;
    .port_info 0 /INPUT 1 "a"
    .port_info 1 /INPUT 1 "b"
    .port_info 2 /OUTPUT 1 "out"
v0x7f8bc6d35a20_0 .net "a", 0 0, o0x109eab158;  alias, 0 drivers
v0x7f8bc6d35ab0_0 .net "aNandb", 0 0, L_0x7f8bc6d402d0;  1 drivers
v0x7f8bc6d35bd0_0 .net "b", 0 0, o0x109eab008;  alias, 0 drivers
v0x7f8bc6d35d00_0 .net "out", 0 0, L_0x7f8bc6d40460;  alias, 1 drivers
S_0x7f8bc6d34e00 .scope module, "g1" "Nand" 2 4, 3 1 0, S_0x7f8bc6d34c00;
 .timescale 0 0;
    .port_info 0 /INPUT 1 "a"
    .port_info 1 /INPUT 1 "b"
    .port_info 2 /OUTPUT 1 "out"
L_0x7f8bc6d402d0 .functor NAND 1, o0x109eab158, o0x109eab008, C4<1>, C4<1>;
v0x7f8bc6d35020_0 .net "a", 0 0, o0x109eab158;  alias, 0 drivers
v0x7f8bc6d35100_0 .net "b", 0 0, o0x109eab008;  alias, 0 drivers
v0x7f8bc6d351a0_0 .net "out", 0 0, L_0x7f8bc6d402d0;  alias, 1 drivers
S_0x7f8bc6d35270 .scope module, "g2" "Not" 2 5, 2 21 0, S_0x7f8bc6d34c00;
 .timescale 0 0;
    .port_info 0 /INPUT 1 "in"
    .port_info 1 /OUTPUT 1 "out"
v0x7f8bc6d358d0_0 .net "in", 0 0, L_0x7f8bc6d402d0;  alias, 1 drivers
v0x7f8bc6d35970_0 .net "out", 0 0, L_0x7f8bc6d40460;  alias, 1 drivers
S_0x7f8bc6d35460 .scope module, "g" "Nand" 2 22, 3 1 0, S_0x7f8bc6d35270;
 .timescale 0 0;
    .port_info 0 /INPUT 1 "a"
    .port_info 1 /INPUT 1 "b"
    .port_info 2 /OUTPUT 1 "out"
L_0x7f8bc6d40460 .functor NAND 1, L_0x7f8bc6d402d0, L_0x7f8bc6d402d0, C4<1>, C4<1>;
v0x7f8bc6d35680_0 .net "a", 0 0, L_0x7f8bc6d402d0;  alias, 1 drivers
v0x7f8bc6d35730_0 .net "b", 0 0, L_0x7f8bc6d402d0;  alias, 1 drivers
v0x7f8bc6d35800_0 .net "out", 0 0, L_0x7f8bc6d40460;  alias, 1 drivers
S_0x7f8bc6d04740 .scope module, "Xor" "Xor" 2 31;
 .timescale 0 0;
    .port_info 0 /INPUT 1 "a"
    .port_info 1 /INPUT 1 "b"
    .port_info 2 /OUTPUT 1 "out"
v0x7f8bc6d3ad90_0 .net "Nota", 0 0, L_0x7f8bc6d404d0;  1 drivers
v0x7f8bc6d3aeb0_0 .net "NotaAndb", 0 0, L_0x7f8bc6d39b60;  1 drivers
v0x7f8bc6d3af40_0 .net "Notb", 0 0, L_0x7f8bc6d40570;  1 drivers
o0x109eab728 .functor BUFZ 1, C4<z>; HiZ drive
v0x7f8bc6d3b050_0 .net "a", 0 0, o0x109eab728;  0 drivers
v0x7f8bc6d3b0e0_0 .net "aAndNotb", 0 0, L_0x7f8bc6d407a0;  1 drivers
o0x109eab878 .functor BUFZ 1, C4<z>; HiZ drive
v0x7f8bc6d3b170_0 .net "b", 0 0, o0x109eab878;  0 drivers
v0x7f8bc6d3b200_0 .net "out", 0 0, L_0x7f8bc6e00130;  1 drivers
S_0x7f8bc6d36160 .scope module, "g1" "Not" 2 32, 2 21 0, S_0x7f8bc6d04740;
 .timescale 0 0;
    .port_info 0 /INPUT 1 "in"
    .port_info 1 /OUTPUT 1 "out"
v0x7f8bc6d36790_0 .net "in", 0 0, o0x109eab728;  alias, 0 drivers
v0x7f8bc6d36870_0 .net "out", 0 0, L_0x7f8bc6d404d0;  alias, 1 drivers
S_0x7f8bc6d36340 .scope module, "g" "Nand" 2 22, 3 1 0, S_0x7f8bc6d36160;
 .timescale 0 0;
    .port_info 0 /INPUT 1 "a"
    .port_info 1 /INPUT 1 "b"
    .port_info 2 /OUTPUT 1 "out"
L_0x7f8bc6d404d0 .functor NAND 1, o0x109eab728, o0x109eab728, C4<1>, C4<1>;
v0x7f8bc6d36540_0 .net "a", 0 0, o0x109eab728;  alias, 0 drivers
v0x7f8bc6d365f0_0 .net "b", 0 0, o0x109eab728;  alias, 0 drivers
v0x7f8bc6d366b0_0 .net "out", 0 0, L_0x7f8bc6d404d0;  alias, 1 drivers
S_0x7f8bc6d36900 .scope module, "g2" "Not" 2 33, 2 21 0, S_0x7f8bc6d04740;
 .timescale 0 0;
    .port_info 0 /INPUT 1 "in"
    .port_info 1 /OUTPUT 1 "out"
v0x7f8bc6d36f60_0 .net "in", 0 0, o0x109eab878;  alias, 0 drivers
v0x7f8bc6d37040_0 .net "out", 0 0, L_0x7f8bc6d40570;  alias, 1 drivers
S_0x7f8bc6d36ae0 .scope module, "g" "Nand" 2 22, 3 1 0, S_0x7f8bc6d36900;
 .timescale 0 0;
    .port_info 0 /INPUT 1 "a"
    .port_info 1 /INPUT 1 "b"
    .port_info 2 /OUTPUT 1 "out"
L_0x7f8bc6d40570 .functor NAND 1, o0x109eab878, o0x109eab878, C4<1>, C4<1>;
v0x7f8bc6d36d10_0 .net "a", 0 0, o0x109eab878;  alias, 0 drivers
v0x7f8bc6d36dc0_0 .net "b", 0 0, o0x109eab878;  alias, 0 drivers
v0x7f8bc6d36e80_0 .net "out", 0 0, L_0x7f8bc6d40570;  alias, 1 drivers
S_0x7f8bc6d370d0 .scope module, "g3" "And" 2 34, 2 3 0, S_0x7f8bc6d04740;
 .timescale 0 0;
    .port_info 0 /INPUT 1 "a"
    .port_info 1 /INPUT 1 "b"
    .port_info 2 /OUTPUT 1 "out"
v0x7f8bc6d37f20_0 .net "a", 0 0, o0x109eab728;  alias, 0 drivers
v0x7f8bc6d38030_0 .net "aNandb", 0 0, L_0x7f8bc6d40610;  1 drivers
v0x7f8bc6d38150_0 .net "b", 0 0, L_0x7f8bc6d40570;  alias, 1 drivers
v0x7f8bc6d381e0_0 .net "out", 0 0, L_0x7f8bc6d407a0;  alias, 1 drivers
S_0x7f8bc6d37310 .scope module, "g1" "Nand" 2 4, 3 1 0, S_0x7f8bc6d370d0;
 .timescale 0 0;
    .port_info 0 /INPUT 1 "a"
    .port_info 1 /INPUT 1 "b"
    .port_info 2 /OUTPUT 1 "out"
L_0x7f8bc6d40610 .functor NAND 1, o0x109eab728, L_0x7f8bc6d40570, C4<1>, C4<1>;
v0x7f8bc6d37530_0 .net "a", 0 0, o0x109eab728;  alias, 0 drivers
v0x7f8bc6d375c0_0 .net "b", 0 0, L_0x7f8bc6d40570;  alias, 1 drivers
v0x7f8bc6d376a0_0 .net "out", 0 0, L_0x7f8bc6d40610;  alias, 1 drivers
S_0x7f8bc6d37770 .scope module, "g2" "Not" 2 5, 2 21 0, S_0x7f8bc6d370d0;
 .timescale 0 0;
    .port_info 0 /INPUT 1 "in"
    .port_info 1 /OUTPUT 1 "out"
v0x7f8bc6d37dd0_0 .net "in", 0 0, L_0x7f8bc6d40610;  alias, 1 drivers
v0x7f8bc6d37e70_0 .net "out", 0 0, L_0x7f8bc6d407a0;  alias, 1 drivers
S_0x7f8bc6d37960 .scope module, "g" "Nand" 2 22, 3 1 0, S_0x7f8bc6d37770;
 .timescale 0 0;
    .port_info 0 /INPUT 1 "a"
    .port_info 1 /INPUT 1 "b"
    .port_info 2 /OUTPUT 1 "out"
L_0x7f8bc6d407a0 .functor NAND 1, L_0x7f8bc6d40610, L_0x7f8bc6d40610, C4<1>, C4<1>;
v0x7f8bc6d37b80_0 .net "a", 0 0, L_0x7f8bc6d40610;  alias, 1 drivers
v0x7f8bc6d37c30_0 .net "b", 0 0, L_0x7f8bc6d40610;  alias, 1 drivers
v0x7f8bc6d37d00_0 .net "out", 0 0, L_0x7f8bc6d407a0;  alias, 1 drivers
S_0x7f8bc6d38270 .scope module, "g4" "And" 2 35, 2 3 0, S_0x7f8bc6d04740;
 .timescale 0 0;
    .port_info 0 /INPUT 1 "a"
    .port_info 1 /INPUT 1 "b"
    .port_info 2 /OUTPUT 1 "out"
v0x7f8bc6d39090_0 .net "a", 0 0, L_0x7f8bc6d404d0;  alias, 1 drivers
v0x7f8bc6d39120_0 .net "aNandb", 0 0, L_0x7f8bc6d37fb0;  1 drivers
v0x7f8bc6d39240_0 .net "b", 0 0, o0x109eab878;  alias, 0 drivers
v0x7f8bc6d39370_0 .net "out", 0 0, L_0x7f8bc6d39b60;  alias, 1 drivers
S_0x7f8bc6d38470 .scope module, "g1" "Nand" 2 4, 3 1 0, S_0x7f8bc6d38270;
 .timescale 0 0;
    .port_info 0 /INPUT 1 "a"
    .port_info 1 /INPUT 1 "b"
    .port_info 2 /OUTPUT 1 "out"
L_0x7f8bc6d37fb0 .functor NAND 1, L_0x7f8bc6d404d0, o0x109eab878, C4<1>, C4<1>;
v0x7f8bc6d38690_0 .net "a", 0 0, L_0x7f8bc6d404d0;  alias, 1 drivers
v0x7f8bc6d38770_0 .net "b", 0 0, o0x109eab878;  alias, 0 drivers
v0x7f8bc6d38810_0 .net "out", 0 0, L_0x7f8bc6d37fb0;  alias, 1 drivers
S_0x7f8bc6d388e0 .scope module, "g2" "Not" 2 5, 2 21 0, S_0x7f8bc6d38270;
 .timescale 0 0;
    .port_info 0 /INPUT 1 "in"
    .port_info 1 /OUTPUT 1 "out"
v0x7f8bc6d38f40_0 .net "in", 0 0, L_0x7f8bc6d37fb0;  alias, 1 drivers
v0x7f8bc6d38fe0_0 .net "out", 0 0, L_0x7f8bc6d39b60;  alias, 1 drivers
S_0x7f8bc6d38ad0 .scope module, "g" "Nand" 2 22, 3 1 0, S_0x7f8bc6d388e0;
 .timescale 0 0;
    .port_info 0 /INPUT 1 "a"
    .port_info 1 /INPUT 1 "b"
    .port_info 2 /OUTPUT 1 "out"
L_0x7f8bc6d39b60 .functor NAND 1, L_0x7f8bc6d37fb0, L_0x7f8bc6d37fb0, C4<1>, C4<1>;
v0x7f8bc6d38cf0_0 .net "a", 0 0, L_0x7f8bc6d37fb0;  alias, 1 drivers
v0x7f8bc6d38da0_0 .net "b", 0 0, L_0x7f8bc6d37fb0;  alias, 1 drivers
v0x7f8bc6d38e70_0 .net "out", 0 0, L_0x7f8bc6d39b60;  alias, 1 drivers
S_0x7f8bc6d39400 .scope module, "g5" "Or" 2 36, 2 25 0, S_0x7f8bc6d04740;
 .timescale 0 0;
    .port_info 0 /INPUT 1 "a"
    .port_info 1 /INPUT 1 "b"
    .port_info 2 /OUTPUT 1 "out"
v0x7f8bc6d3aa40_0 .net "Nota", 0 0, L_0x7f8bc6d392f0;  1 drivers
v0x7f8bc6d3aae0_0 .net "Notb", 0 0, L_0x7f8bc6e00010;  1 drivers
v0x7f8bc6d3ab80_0 .net "a", 0 0, L_0x7f8bc6d407a0;  alias, 1 drivers
v0x7f8bc6d3ac10_0 .net "b", 0 0, L_0x7f8bc6d39b60;  alias, 1 drivers
v0x7f8bc6d3aca0_0 .net "out", 0 0, L_0x7f8bc6e00130;  alias, 1 drivers
S_0x7f8bc6d39640 .scope module, "g1" "Not" 2 26, 2 21 0, S_0x7f8bc6d39400;
 .timescale 0 0;
    .port_info 0 /INPUT 1 "in"
    .port_info 1 /OUTPUT 1 "out"
v0x7f8bc6d39c90_0 .net "in", 0 0, L_0x7f8bc6d407a0;  alias, 1 drivers
v0x7f8bc6d39d30_0 .net "out", 0 0, L_0x7f8bc6d392f0;  alias, 1 drivers
S_0x7f8bc6d397f0 .scope module, "g" "Nand" 2 22, 3 1 0, S_0x7f8bc6d39640;
 .timescale 0 0;
    .port_info 0 /INPUT 1 "a"
    .port_info 1 /INPUT 1 "b"
    .port_info 2 /OUTPUT 1 "out"
L_0x7f8bc6d392f0 .functor NAND 1, L_0x7f8bc6d407a0, L_0x7f8bc6d407a0, C4<1>, C4<1>;
v0x7f8bc6d39a20_0 .net "a", 0 0, L_0x7f8bc6d407a0;  alias, 1 drivers
v0x7f8bc6d39ac0_0 .net "b", 0 0, L_0x7f8bc6d407a0;  alias, 1 drivers
v0x7f8bc6d39be0_0 .net "out", 0 0, L_0x7f8bc6d392f0;  alias, 1 drivers
S_0x7f8bc6d39de0 .scope module, "g2" "Not" 2 27, 2 21 0, S_0x7f8bc6d39400;
 .timescale 0 0;
    .port_info 0 /INPUT 1 "in"
    .port_info 1 /OUTPUT 1 "out"
v0x7f8bc6d3a460_0 .net "in", 0 0, L_0x7f8bc6d39b60;  alias, 1 drivers
v0x7f8bc6d3a500_0 .net "out", 0 0, L_0x7f8bc6e00010;  alias, 1 drivers
S_0x7f8bc6d39fc0 .scope module, "g" "Nand" 2 22, 3 1 0, S_0x7f8bc6d39de0;
 .timescale 0 0;
    .port_info 0 /INPUT 1 "a"
    .port_info 1 /INPUT 1 "b"
    .port_info 2 /OUTPUT 1 "out"
L_0x7f8bc6e00010 .functor NAND 1, L_0x7f8bc6d39b60, L_0x7f8bc6d39b60, C4<1>, C4<1>;
v0x7f8bc6d3a1f0_0 .net "a", 0 0, L_0x7f8bc6d39b60;  alias, 1 drivers
v0x7f8bc6d3a290_0 .net "b", 0 0, L_0x7f8bc6d39b60;  alias, 1 drivers
v0x7f8bc6d3a3b0_0 .net "out", 0 0, L_0x7f8bc6e00010;  alias, 1 drivers
S_0x7f8bc6d3a5b0 .scope module, "g3" "Nand" 2 28, 3 1 0, S_0x7f8bc6d39400;
 .timescale 0 0;
    .port_info 0 /INPUT 1 "a"
    .port_info 1 /INPUT 1 "b"
    .port_info 2 /OUTPUT 1 "out"
L_0x7f8bc6e00130 .functor NAND 1, L_0x7f8bc6d392f0, L_0x7f8bc6e00010, C4<1>, C4<1>;
v0x7f8bc6d3a7f0_0 .net "a", 0 0, L_0x7f8bc6d392f0;  alias, 1 drivers
v0x7f8bc6d3a8c0_0 .net "b", 0 0, L_0x7f8bc6e00010;  alias, 1 drivers
v0x7f8bc6d3a990_0 .net "out", 0 0, L_0x7f8bc6e00130;  alias, 1 drivers
S_0x7f8bc6d03ec0 .scope module, "main" "main" 4 3;
 .timescale 0 0;
v0x7f8bc6d3fe60_0 .var "a", 0 0;
v0x7f8bc6d3fef0_0 .var "b", 0 0;
v0x7f8bc6d3ff80_0 .net "out", 0 0, L_0x7f8bc6e00b30;  1 drivers
v0x7f8bc6d40010_0 .var "sel", 0 0;
S_0x7f8bc6d3b2d0 .scope module, "g" "Mux" 4 7, 2 14 0, S_0x7f8bc6d03ec0;
 .timescale 0 0;
    .port_info 0 /INPUT 1 "a"
    .port_info 1 /INPUT 1 "b"
    .port_info 2 /INPUT 1 "sel"
    .port_info 3 /OUTPUT 1 "out"
v0x7f8bc6d3f920_0 .net "Notsel", 0 0, L_0x7f8bc6e001d0;  1 drivers
v0x7f8bc6d3fa40_0 .net "a", 0 0, v0x7f8bc6d3fe60_0;  1 drivers
v0x7f8bc6d3fad0_0 .net "aAndNotsel", 0 0, L_0x7f8bc6e00490;  1 drivers
v0x7f8bc6d3fb60_0 .net "b", 0 0, v0x7f8bc6d3fef0_0;  1 drivers
v0x7f8bc6d3fc30_0 .net "bAndsel", 0 0, L_0x7f8bc6e00750;  1 drivers
v0x7f8bc6d3fd00_0 .net "out", 0 0, L_0x7f8bc6e00b30;  alias, 1 drivers
v0x7f8bc6d3fdd0_0 .net "sel", 0 0, v0x7f8bc6d40010_0;  1 drivers
S_0x7f8bc6d3b4e0 .scope module, "g1" "Not" 2 15, 2 21 0, S_0x7f8bc6d3b2d0;
 .timescale 0 0;
    .port_info 0 /INPUT 1 "in"
    .port_info 1 /OUTPUT 1 "out"
v0x7f8bc6d3bb30_0 .net "in", 0 0, v0x7f8bc6d40010_0;  alias, 1 drivers
v0x7f8bc6d3bc10_0 .net "out", 0 0, L_0x7f8bc6e001d0;  alias, 1 drivers
S_0x7f8bc6d3b6c0 .scope module, "g" "Nand" 2 22, 3 1 0, S_0x7f8bc6d3b4e0;
 .timescale 0 0;
    .port_info 0 /INPUT 1 "a"
    .port_info 1 /INPUT 1 "b"
    .port_info 2 /OUTPUT 1 "out"
L_0x7f8bc6e001d0 .functor NAND 1, v0x7f8bc6d40010_0, v0x7f8bc6d40010_0, C4<1>, C4<1>;
v0x7f8bc6d3b8e0_0 .net "a", 0 0, v0x7f8bc6d40010_0;  alias, 1 drivers
v0x7f8bc6d3b990_0 .net "b", 0 0, v0x7f8bc6d40010_0;  alias, 1 drivers
v0x7f8bc6d3ba50_0 .net "out", 0 0, L_0x7f8bc6e001d0;  alias, 1 drivers
S_0x7f8bc6d3bca0 .scope module, "g2" "And" 2 16, 2 3 0, S_0x7f8bc6d3b2d0;
 .timescale 0 0;
    .port_info 0 /INPUT 1 "a"
    .port_info 1 /INPUT 1 "b"
    .port_info 2 /OUTPUT 1 "out"
v0x7f8bc6d3caf0_0 .net "a", 0 0, v0x7f8bc6d3fe60_0;  alias, 1 drivers
v0x7f8bc6d3cba0_0 .net "aNandb", 0 0, L_0x7f8bc6e00370;  1 drivers
v0x7f8bc6d3ccb0_0 .net "b", 0 0, L_0x7f8bc6e001d0;  alias, 1 drivers
v0x7f8bc6d3cd60_0 .net "out", 0 0, L_0x7f8bc6e00490;  alias, 1 drivers
S_0x7f8bc6d3bec0 .scope module, "g1" "Nand" 2 4, 3 1 0, S_0x7f8bc6d3bca0;
 .timescale 0 0;
    .port_info 0 /INPUT 1 "a"
    .port_info 1 /INPUT 1 "b"
    .port_info 2 /OUTPUT 1 "out"
L_0x7f8bc6e00370 .functor NAND 1, v0x7f8bc6d3fe60_0, L_0x7f8bc6e001d0, C4<1>, C4<1>;
v0x7f8bc6d3c0e0_0 .net "a", 0 0, v0x7f8bc6d3fe60_0;  alias, 1 drivers
v0x7f8bc6d3c190_0 .net "b", 0 0, L_0x7f8bc6e001d0;  alias, 1 drivers
v0x7f8bc6d3c270_0 .net "out", 0 0, L_0x7f8bc6e00370;  alias, 1 drivers
S_0x7f8bc6d3c340 .scope module, "g2" "Not" 2 5, 2 21 0, S_0x7f8bc6d3bca0;
 .timescale 0 0;
    .port_info 0 /INPUT 1 "in"
    .port_info 1 /OUTPUT 1 "out"
v0x7f8bc6d3c9a0_0 .net "in", 0 0, L_0x7f8bc6e00370;  alias, 1 drivers
v0x7f8bc6d3ca40_0 .net "out", 0 0, L_0x7f8bc6e00490;  alias, 1 drivers
S_0x7f8bc6d3c530 .scope module, "g" "Nand" 2 22, 3 1 0, S_0x7f8bc6d3c340;
 .timescale 0 0;
    .port_info 0 /INPUT 1 "a"
    .port_info 1 /INPUT 1 "b"
    .port_info 2 /OUTPUT 1 "out"
L_0x7f8bc6e00490 .functor NAND 1, L_0x7f8bc6e00370, L_0x7f8bc6e00370, C4<1>, C4<1>;
v0x7f8bc6d3c750_0 .net "a", 0 0, L_0x7f8bc6e00370;  alias, 1 drivers
v0x7f8bc6d3c800_0 .net "b", 0 0, L_0x7f8bc6e00370;  alias, 1 drivers
v0x7f8bc6d3c8d0_0 .net "out", 0 0, L_0x7f8bc6e00490;  alias, 1 drivers
S_0x7f8bc6d3ce00 .scope module, "g3" "And" 2 17, 2 3 0, S_0x7f8bc6d3b2d0;
 .timescale 0 0;
    .port_info 0 /INPUT 1 "a"
    .port_info 1 /INPUT 1 "b"
    .port_info 2 /OUTPUT 1 "out"
v0x7f8bc6d3dc30_0 .net "a", 0 0, v0x7f8bc6d3fef0_0;  alias, 1 drivers
v0x7f8bc6d3dce0_0 .net "aNandb", 0 0, L_0x7f8bc6e00630;  1 drivers
v0x7f8bc6d3ddf0_0 .net "b", 0 0, v0x7f8bc6d40010_0;  alias, 1 drivers
v0x7f8bc6d3df20_0 .net "out", 0 0, L_0x7f8bc6e00750;  alias, 1 drivers
S_0x7f8bc6d3d020 .scope module, "g1" "Nand" 2 4, 3 1 0, S_0x7f8bc6d3ce00;
 .timescale 0 0;
    .port_info 0 /INPUT 1 "a"
    .port_info 1 /INPUT 1 "b"
    .port_info 2 /OUTPUT 1 "out"
L_0x7f8bc6e00630 .functor NAND 1, v0x7f8bc6d3fef0_0, v0x7f8bc6d40010_0, C4<1>, C4<1>;
v0x7f8bc6d3d240_0 .net "a", 0 0, v0x7f8bc6d3fef0_0;  alias, 1 drivers
v0x7f8bc6d3d2f0_0 .net "b", 0 0, v0x7f8bc6d40010_0;  alias, 1 drivers
v0x7f8bc6d3d390_0 .net "out", 0 0, L_0x7f8bc6e00630;  alias, 1 drivers
S_0x7f8bc6d3d480 .scope module, "g2" "Not" 2 5, 2 21 0, S_0x7f8bc6d3ce00;
 .timescale 0 0;
    .port_info 0 /INPUT 1 "in"
    .port_info 1 /OUTPUT 1 "out"
v0x7f8bc6d3dae0_0 .net "in", 0 0, L_0x7f8bc6e00630;  alias, 1 drivers
v0x7f8bc6d3db80_0 .net "out", 0 0, L_0x7f8bc6e00750;  alias, 1 drivers
S_0x7f8bc6d3d670 .scope module, "g" "Nand" 2 22, 3 1 0, S_0x7f8bc6d3d480;
 .timescale 0 0;
    .port_info 0 /INPUT 1 "a"
    .port_info 1 /INPUT 1 "b"
    .port_info 2 /OUTPUT 1 "out"
L_0x7f8bc6e00750 .functor NAND 1, L_0x7f8bc6e00630, L_0x7f8bc6e00630, C4<1>, C4<1>;
v0x7f8bc6d3d890_0 .net "a", 0 0, L_0x7f8bc6e00630;  alias, 1 drivers
v0x7f8bc6d3d940_0 .net "b", 0 0, L_0x7f8bc6e00630;  alias, 1 drivers
v0x7f8bc6d3da10_0 .net "out", 0 0, L_0x7f8bc6e00750;  alias, 1 drivers
S_0x7f8bc6d3dfb0 .scope module, "g4" "Or" 2 18, 2 25 0, S_0x7f8bc6d3b2d0;
 .timescale 0 0;
    .port_info 0 /INPUT 1 "a"
    .port_info 1 /INPUT 1 "b"
    .port_info 2 /OUTPUT 1 "out"
v0x7f8bc6d3f5d0_0 .net "Nota", 0 0, L_0x7f8bc6e008f0;  1 drivers
v0x7f8bc6d3f670_0 .net "Notb", 0 0, L_0x7f8bc6e00a10;  1 drivers
v0x7f8bc6d3f710_0 .net "a", 0 0, L_0x7f8bc6e00490;  alias, 1 drivers
v0x7f8bc6d3f7a0_0 .net "b", 0 0, L_0x7f8bc6e00750;  alias, 1 drivers
v0x7f8bc6d3f830_0 .net "out", 0 0, L_0x7f8bc6e00b30;  alias, 1 drivers
S_0x7f8bc6d3e1b0 .scope module, "g1" "Not" 2 26, 2 21 0, S_0x7f8bc6d3dfb0;
 .timescale 0 0;
    .port_info 0 /INPUT 1 "in"
    .port_info 1 /OUTPUT 1 "out"
v0x7f8bc6d3e820_0 .net "in", 0 0, L_0x7f8bc6e00490;  alias, 1 drivers
v0x7f8bc6d3e8c0_0 .net "out", 0 0, L_0x7f8bc6e008f0;  alias, 1 drivers
S_0x7f8bc6d3e390 .scope module, "g" "Nand" 2 22, 3 1 0, S_0x7f8bc6d3e1b0;
 .timescale 0 0;
    .port_info 0 /INPUT 1 "a"
    .port_info 1 /INPUT 1 "b"
    .port_info 2 /OUTPUT 1 "out"
L_0x7f8bc6e008f0 .functor NAND 1, L_0x7f8bc6e00490, L_0x7f8bc6e00490, C4<1>, C4<1>;
v0x7f8bc6d3e5b0_0 .net "a", 0 0, L_0x7f8bc6e00490;  alias, 1 drivers
v0x7f8bc6d3e650_0 .net "b", 0 0, L_0x7f8bc6e00490;  alias, 1 drivers
v0x7f8bc6d3e770_0 .net "out", 0 0, L_0x7f8bc6e008f0;  alias, 1 drivers
S_0x7f8bc6d3e970 .scope module, "g2" "Not" 2 27, 2 21 0, S_0x7f8bc6d3dfb0;
 .timescale 0 0;
    .port_info 0 /INPUT 1 "in"
    .port_info 1 /OUTPUT 1 "out"
v0x7f8bc6d3eff0_0 .net "in", 0 0, L_0x7f8bc6e00750;  alias, 1 drivers
v0x7f8bc6d3f090_0 .net "out", 0 0, L_0x7f8bc6e00a10;  alias, 1 drivers
S_0x7f8bc6d3eb50 .scope module, "g" "Nand" 2 22, 3 1 0, S_0x7f8bc6d3e970;
 .timescale 0 0;
    .port_info 0 /INPUT 1 "a"
    .port_info 1 /INPUT 1 "b"
    .port_info 2 /OUTPUT 1 "out"
L_0x7f8bc6e00a10 .functor NAND 1, L_0x7f8bc6e00750, L_0x7f8bc6e00750, C4<1>, C4<1>;
v0x7f8bc6d3ed80_0 .net "a", 0 0, L_0x7f8bc6e00750;  alias, 1 drivers
v0x7f8bc6d3ee20_0 .net "b", 0 0, L_0x7f8bc6e00750;  alias, 1 drivers
v0x7f8bc6d3ef40_0 .net "out", 0 0, L_0x7f8bc6e00a10;  alias, 1 drivers
S_0x7f8bc6d3f140 .scope module, "g3" "Nand" 2 28, 3 1 0, S_0x7f8bc6d3dfb0;
 .timescale 0 0;
    .port_info 0 /INPUT 1 "a"
    .port_info 1 /INPUT 1 "b"
    .port_info 2 /OUTPUT 1 "out"
L_0x7f8bc6e00b30 .functor NAND 1, L_0x7f8bc6e008f0, L_0x7f8bc6e00a10, C4<1>, C4<1>;
v0x7f8bc6d3f380_0 .net "a", 0 0, L_0x7f8bc6e008f0;  alias, 1 drivers
v0x7f8bc6d3f450_0 .net "b", 0 0, L_0x7f8bc6e00a10;  alias, 1 drivers
v0x7f8bc6d3f520_0 .net "out", 0 0, L_0x7f8bc6e00b30;  alias, 1 drivers
    .scope S_0x7f8bc6d03ec0;
T_0 ;
    %pushi/vec4 0, 0, 1;
    %store/vec4 v0x7f8bc6d3fe60_0, 0, 1;
    %end;
    .thread T_0;
    .scope S_0x7f8bc6d03ec0;
T_1 ;
    %pushi/vec4 0, 0, 1;
    %store/vec4 v0x7f8bc6d3fef0_0, 0, 1;
    %end;
    .thread T_1;
    .scope S_0x7f8bc6d03ec0;
T_2 ;
    %pushi/vec4 0, 0, 1;
    %store/vec4 v0x7f8bc6d40010_0, 0, 1;
    %end;
    .thread T_2;
    .scope S_0x7f8bc6d03ec0;
T_3 ;
    %vpi_call 4 10 "$display", "%4s %4s %5s %5s\012", "a", "b", "sel", "out" {0 0 0};
    %vpi_call 4 11 "$monitor", "%4d %4d %4d %5d", v0x7f8bc6d3fe60_0, v0x7f8bc6d3fef0_0, v0x7f8bc6d40010_0, v0x7f8bc6d3ff80_0 {0 0 0};
    %end;
    .thread T_3;
    .scope S_0x7f8bc6d03ec0;
T_4 ;
    %delay 50, 0;
    %load/vec4 v0x7f8bc6d40010_0;
    %pushi/vec4 1, 0, 1;
    %add;
    %store/vec4 v0x7f8bc6d40010_0, 0, 1;
    %jmp T_4;
    .thread T_4;
    .scope S_0x7f8bc6d03ec0;
T_5 ;
    %delay 100, 0;
    %load/vec4 v0x7f8bc6d3fef0_0;
    %pushi/vec4 1, 0, 1;
    %add;
    %store/vec4 v0x7f8bc6d3fef0_0, 0, 1;
    %jmp T_5;
    .thread T_5;
    .scope S_0x7f8bc6d03ec0;
T_6 ;
    %delay 200, 0;
    %load/vec4 v0x7f8bc6d3fe60_0;
    %pushi/vec4 1, 0, 1;
    %add;
    %store/vec4 v0x7f8bc6d3fe60_0, 0, 1;
    %jmp T_6;
    .thread T_6;
    .scope S_0x7f8bc6d03ec0;
T_7 ;
    %delay 350, 0;
    %vpi_call 4 26 "$finish", 32'sb00000000000000000000000000000000 {0 0 0};
    %end;
    .thread T_7;
# The file index is used to find the file name in the following table.
:file_names 5;
    "N/A";
    "<interactive>";
    "./gates.v";
    "./../00/gates.v";
    "Mux_test.v";
