#! /usr/local/Cellar/icarus-verilog/10.0/bin/vvp
:ivl_version "10.0 (stable)" "(v10_0)";
:ivl_delay_selection "TYPICAL";
:vpi_time_precision + 0;
:vpi_module "system";
:vpi_module "vhdl_sys";
:vpi_module "v2005_math";
:vpi_module "va_math";
S_0x7ff9d1d0c780 .scope module, "Xor" "Xor" 2 18;
 .timescale 0 0;
    .port_info 0 /INPUT 1 "a"
    .port_info 1 /INPUT 1 "b"
    .port_info 2 /OUTPUT 1 "out"
v0x7ff9d1c0b910_0 .net "Nota", 0 0, L_0x7ff9d1c0c770;  1 drivers
v0x7ff9d1c0ba30_0 .net "NotaAndb", 0 0, L_0x7ff9d1c0a8b0;  1 drivers
v0x7ff9d1c0bac0_0 .net "Notb", 0 0, L_0x7ff9d1c0c7e0;  1 drivers
o0x108f3b008 .functor BUFZ 1, C4<z>; HiZ drive
v0x7ff9d1c0bbd0_0 .net "a", 0 0, o0x108f3b008;  0 drivers
v0x7ff9d1c0bc60_0 .net "aAndNotb", 0 0, L_0x7ff9d1c0ca20;  1 drivers
o0x108f3b158 .functor BUFZ 1, C4<z>; HiZ drive
v0x7ff9d1c0bcf0_0 .net "b", 0 0, o0x108f3b158;  0 drivers
v0x7ff9d1c0bd80_0 .net "out", 0 0, L_0x7ff9d1c0cf30;  1 drivers
S_0x7ff9d1d0ca40 .scope module, "g1" "Not" 2 19, 2 8 0, S_0x7ff9d1d0c780;
 .timescale 0 0;
    .port_info 0 /INPUT 1 "in"
    .port_info 1 /OUTPUT 1 "out"
v0x7ff9d1d1cf80_0 .net "in", 0 0, o0x108f3b008;  alias, 0 drivers
v0x7ff9d1d1d060_0 .net "out", 0 0, L_0x7ff9d1c0c770;  alias, 1 drivers
S_0x7ff9d1d0cbf0 .scope module, "g" "Nand" 2 9, 3 1 0, S_0x7ff9d1d0ca40;
 .timescale 0 0;
    .port_info 0 /INPUT 1 "a"
    .port_info 1 /INPUT 1 "b"
    .port_info 2 /OUTPUT 1 "out"
L_0x7ff9d1c0c770 .functor NAND 1, o0x108f3b008, o0x108f3b008, C4<1>, C4<1>;
v0x7ff9d1d0cdf0_0 .net "a", 0 0, o0x108f3b008;  alias, 0 drivers
v0x7ff9d1d1cde0_0 .net "b", 0 0, o0x108f3b008;  alias, 0 drivers
v0x7ff9d1d1cea0_0 .net "out", 0 0, L_0x7ff9d1c0c770;  alias, 1 drivers
S_0x7ff9d1d1d0f0 .scope module, "g2" "Not" 2 20, 2 8 0, S_0x7ff9d1d0c780;
 .timescale 0 0;
    .port_info 0 /INPUT 1 "in"
    .port_info 1 /OUTPUT 1 "out"
v0x7ff9d1d1d750_0 .net "in", 0 0, o0x108f3b158;  alias, 0 drivers
v0x7ff9d1d1d830_0 .net "out", 0 0, L_0x7ff9d1c0c7e0;  alias, 1 drivers
S_0x7ff9d1d1d2d0 .scope module, "g" "Nand" 2 9, 3 1 0, S_0x7ff9d1d1d0f0;
 .timescale 0 0;
    .port_info 0 /INPUT 1 "a"
    .port_info 1 /INPUT 1 "b"
    .port_info 2 /OUTPUT 1 "out"
L_0x7ff9d1c0c7e0 .functor NAND 1, o0x108f3b158, o0x108f3b158, C4<1>, C4<1>;
v0x7ff9d1d1d500_0 .net "a", 0 0, o0x108f3b158;  alias, 0 drivers
v0x7ff9d1d1d5b0_0 .net "b", 0 0, o0x108f3b158;  alias, 0 drivers
v0x7ff9d1d1d670_0 .net "out", 0 0, L_0x7ff9d1c0c7e0;  alias, 1 drivers
S_0x7ff9d1c07a30 .scope module, "g3" "And" 2 21, 2 3 0, S_0x7ff9d1d0c780;
 .timescale 0 0;
    .port_info 0 /INPUT 1 "a"
    .port_info 1 /INPUT 1 "b"
    .port_info 2 /OUTPUT 1 "out"
v0x7ff9d1c033d0_0 .net "a", 0 0, o0x108f3b008;  alias, 0 drivers
v0x7ff9d1c034e0_0 .net "aNandb", 0 0, L_0x7ff9d1c0c880;  1 drivers
v0x7ff9d1c03ed0_0 .net "b", 0 0, L_0x7ff9d1c0c7e0;  alias, 1 drivers
v0x7ff9d1c03f60_0 .net "out", 0 0, L_0x7ff9d1c0ca20;  alias, 1 drivers
S_0x7ff9d1c063e0 .scope module, "g1" "Nand" 2 4, 3 1 0, S_0x7ff9d1c07a30;
 .timescale 0 0;
    .port_info 0 /INPUT 1 "a"
    .port_info 1 /INPUT 1 "b"
    .port_info 2 /OUTPUT 1 "out"
L_0x7ff9d1c0c880 .functor NAND 1, o0x108f3b008, L_0x7ff9d1c0c7e0, C4<1>, C4<1>;
v0x7ff9d1c06540_0 .net "a", 0 0, o0x108f3b008;  alias, 0 drivers
v0x7ff9d1c065d0_0 .net "b", 0 0, L_0x7ff9d1c0c7e0;  alias, 1 drivers
v0x7ff9d1c07b90_0 .net "out", 0 0, L_0x7ff9d1c0c880;  alias, 1 drivers
S_0x7ff9d1c05430 .scope module, "g2" "Not" 2 5, 2 8 0, S_0x7ff9d1c07a30;
 .timescale 0 0;
    .port_info 0 /INPUT 1 "in"
    .port_info 1 /OUTPUT 1 "out"
v0x7ff9d1c05590_0 .net "in", 0 0, L_0x7ff9d1c0c880;  alias, 1 drivers
v0x7ff9d1c05620_0 .net "out", 0 0, L_0x7ff9d1c0ca20;  alias, 1 drivers
S_0x7ff9d1c04b90 .scope module, "g" "Nand" 2 9, 3 1 0, S_0x7ff9d1c05430;
 .timescale 0 0;
    .port_info 0 /INPUT 1 "a"
    .port_info 1 /INPUT 1 "b"
    .port_info 2 /OUTPUT 1 "out"
L_0x7ff9d1c0ca20 .functor NAND 1, L_0x7ff9d1c0c880, L_0x7ff9d1c0c880, C4<1>, C4<1>;
v0x7ff9d1c07c20_0 .net "a", 0 0, L_0x7ff9d1c0c880;  alias, 1 drivers
v0x7ff9d1c04cf0_0 .net "b", 0 0, L_0x7ff9d1c0c880;  alias, 1 drivers
v0x7ff9d1c04d80_0 .net "out", 0 0, L_0x7ff9d1c0ca20;  alias, 1 drivers
S_0x7ff9d1c03ff0 .scope module, "g4" "And" 2 22, 2 3 0, S_0x7ff9d1d0c780;
 .timescale 0 0;
    .port_info 0 /INPUT 1 "a"
    .port_info 1 /INPUT 1 "b"
    .port_info 2 /OUTPUT 1 "out"
v0x7ff9d1c09e50_0 .net "a", 0 0, L_0x7ff9d1c0c770;  alias, 1 drivers
v0x7ff9d1c09ee0_0 .net "aNandb", 0 0, L_0x7ff9d1c03470;  1 drivers
v0x7ff9d1c09ff0_0 .net "b", 0 0, o0x108f3b158;  alias, 0 drivers
v0x7ff9d1c0a100_0 .net "out", 0 0, L_0x7ff9d1c0a8b0;  alias, 1 drivers
S_0x7ff9d1c093a0 .scope module, "g1" "Nand" 2 4, 3 1 0, S_0x7ff9d1c03ff0;
 .timescale 0 0;
    .port_info 0 /INPUT 1 "a"
    .port_info 1 /INPUT 1 "b"
    .port_info 2 /OUTPUT 1 "out"
L_0x7ff9d1c03470 .functor NAND 1, L_0x7ff9d1c0c770, o0x108f3b158, C4<1>, C4<1>;
v0x7ff9d1c095a0_0 .net "a", 0 0, L_0x7ff9d1c0c770;  alias, 1 drivers
v0x7ff9d1c09670_0 .net "b", 0 0, o0x108f3b158;  alias, 0 drivers
v0x7ff9d1c09700_0 .net "out", 0 0, L_0x7ff9d1c03470;  alias, 1 drivers
S_0x7ff9d1c09790 .scope module, "g2" "Not" 2 5, 2 8 0, S_0x7ff9d1c03ff0;
 .timescale 0 0;
    .port_info 0 /INPUT 1 "in"
    .port_info 1 /OUTPUT 1 "out"
v0x7ff9d1c09d30_0 .net "in", 0 0, L_0x7ff9d1c03470;  alias, 1 drivers
v0x7ff9d1c09dc0_0 .net "out", 0 0, L_0x7ff9d1c0a8b0;  alias, 1 drivers
S_0x7ff9d1c09940 .scope module, "g" "Nand" 2 9, 3 1 0, S_0x7ff9d1c09790;
 .timescale 0 0;
    .port_info 0 /INPUT 1 "a"
    .port_info 1 /INPUT 1 "b"
    .port_info 2 /OUTPUT 1 "out"
L_0x7ff9d1c0a8b0 .functor NAND 1, L_0x7ff9d1c03470, L_0x7ff9d1c03470, C4<1>, C4<1>;
v0x7ff9d1c09b40_0 .net "a", 0 0, L_0x7ff9d1c03470;  alias, 1 drivers
v0x7ff9d1c09bd0_0 .net "b", 0 0, L_0x7ff9d1c03470;  alias, 1 drivers
v0x7ff9d1c09ca0_0 .net "out", 0 0, L_0x7ff9d1c0a8b0;  alias, 1 drivers
S_0x7ff9d1c0a190 .scope module, "g5" "Or" 2 23, 2 12 0, S_0x7ff9d1d0c780;
 .timescale 0 0;
    .port_info 0 /INPUT 1 "a"
    .port_info 1 /INPUT 1 "b"
    .port_info 2 /OUTPUT 1 "out"
v0x7ff9d1c0b5c0_0 .net "Nota", 0 0, L_0x7ff9d1c0a090;  1 drivers
v0x7ff9d1c0b660_0 .net "Notb", 0 0, L_0x7ff9d1c0ce20;  1 drivers
v0x7ff9d1c0b700_0 .net "a", 0 0, L_0x7ff9d1c0ca20;  alias, 1 drivers
v0x7ff9d1c0b790_0 .net "b", 0 0, L_0x7ff9d1c0a8b0;  alias, 1 drivers
v0x7ff9d1c0b820_0 .net "out", 0 0, L_0x7ff9d1c0cf30;  alias, 1 drivers
S_0x7ff9d1c0a3d0 .scope module, "g1" "Not" 2 13, 2 8 0, S_0x7ff9d1c0a190;
 .timescale 0 0;
    .port_info 0 /INPUT 1 "in"
    .port_info 1 /OUTPUT 1 "out"
v0x7ff9d1c0a9b0_0 .net "in", 0 0, L_0x7ff9d1c0ca20;  alias, 1 drivers
v0x7ff9d1c0aa40_0 .net "out", 0 0, L_0x7ff9d1c0a090;  alias, 1 drivers
S_0x7ff9d1c0a580 .scope module, "g" "Nand" 2 9, 3 1 0, S_0x7ff9d1c0a3d0;
 .timescale 0 0;
    .port_info 0 /INPUT 1 "a"
    .port_info 1 /INPUT 1 "b"
    .port_info 2 /OUTPUT 1 "out"
L_0x7ff9d1c0a090 .functor NAND 1, L_0x7ff9d1c0ca20, L_0x7ff9d1c0ca20, C4<1>, C4<1>;
v0x7ff9d1c0a780_0 .net "a", 0 0, L_0x7ff9d1c0ca20;  alias, 1 drivers
v0x7ff9d1c0a810_0 .net "b", 0 0, L_0x7ff9d1c0ca20;  alias, 1 drivers
v0x7ff9d1c0a920_0 .net "out", 0 0, L_0x7ff9d1c0a090;  alias, 1 drivers
S_0x7ff9d1c0aad0 .scope module, "g2" "Not" 2 14, 2 8 0, S_0x7ff9d1c0a190;
 .timescale 0 0;
    .port_info 0 /INPUT 1 "in"
    .port_info 1 /OUTPUT 1 "out"
v0x7ff9d1c0b0b0_0 .net "in", 0 0, L_0x7ff9d1c0a8b0;  alias, 1 drivers
v0x7ff9d1c0b140_0 .net "out", 0 0, L_0x7ff9d1c0ce20;  alias, 1 drivers
S_0x7ff9d1c0ac80 .scope module, "g" "Nand" 2 9, 3 1 0, S_0x7ff9d1c0aad0;
 .timescale 0 0;
    .port_info 0 /INPUT 1 "a"
    .port_info 1 /INPUT 1 "b"
    .port_info 2 /OUTPUT 1 "out"
L_0x7ff9d1c0ce20 .functor NAND 1, L_0x7ff9d1c0a8b0, L_0x7ff9d1c0a8b0, C4<1>, C4<1>;
v0x7ff9d1c0ae80_0 .net "a", 0 0, L_0x7ff9d1c0a8b0;  alias, 1 drivers
v0x7ff9d1c0af10_0 .net "b", 0 0, L_0x7ff9d1c0a8b0;  alias, 1 drivers
v0x7ff9d1c0b020_0 .net "out", 0 0, L_0x7ff9d1c0ce20;  alias, 1 drivers
S_0x7ff9d1c0b1d0 .scope module, "g3" "Nand" 2 15, 3 1 0, S_0x7ff9d1c0a190;
 .timescale 0 0;
    .port_info 0 /INPUT 1 "a"
    .port_info 1 /INPUT 1 "b"
    .port_info 2 /OUTPUT 1 "out"
L_0x7ff9d1c0cf30 .functor NAND 1, L_0x7ff9d1c0a090, L_0x7ff9d1c0ce20, C4<1>, C4<1>;
v0x7ff9d1c0b3d0_0 .net "a", 0 0, L_0x7ff9d1c0a090;  alias, 1 drivers
v0x7ff9d1c0b460_0 .net "b", 0 0, L_0x7ff9d1c0ce20;  alias, 1 drivers
v0x7ff9d1c0b530_0 .net "out", 0 0, L_0x7ff9d1c0cf30;  alias, 1 drivers
S_0x7ff9d1d0c8e0 .scope module, "main" "main" 4 3;
 .timescale 0 0;
v0x7ff9d1c0c600_0 .var "in", 0 0;
v0x7ff9d1c0c690_0 .net "out", 0 0, L_0x7ff9d1c0cfa0;  1 drivers
S_0x7ff9d1c0be50 .scope module, "g" "Not" 4 7, 2 8 0, S_0x7ff9d1d0c8e0;
 .timescale 0 0;
    .port_info 0 /INPUT 1 "in"
    .port_info 1 /OUTPUT 1 "out"
v0x7ff9d1c0c490_0 .net "in", 0 0, v0x7ff9d1c0c600_0;  1 drivers
v0x7ff9d1c0c570_0 .net "out", 0 0, L_0x7ff9d1c0cfa0;  alias, 1 drivers
S_0x7ff9d1c0c030 .scope module, "g" "Nand" 2 9, 3 1 0, S_0x7ff9d1c0be50;
 .timescale 0 0;
    .port_info 0 /INPUT 1 "a"
    .port_info 1 /INPUT 1 "b"
    .port_info 2 /OUTPUT 1 "out"
L_0x7ff9d1c0cfa0 .functor NAND 1, v0x7ff9d1c0c600_0, v0x7ff9d1c0c600_0, C4<1>, C4<1>;
v0x7ff9d1c0c250_0 .net "a", 0 0, v0x7ff9d1c0c600_0;  alias, 1 drivers
v0x7ff9d1c0c2f0_0 .net "b", 0 0, v0x7ff9d1c0c600_0;  alias, 1 drivers
v0x7ff9d1c0c3b0_0 .net "out", 0 0, L_0x7ff9d1c0cfa0;  alias, 1 drivers
    .scope S_0x7ff9d1d0c8e0;
T_0 ;
    %pushi/vec4 0, 0, 1;
    %store/vec4 v0x7ff9d1c0c600_0, 0, 1;
    %end;
    .thread T_0;
    .scope S_0x7ff9d1d0c8e0;
T_1 ;
    %vpi_call 4 10 "$display", "%4s %5s\012", "in", "out" {0 0 0};
    %vpi_call 4 11 "$monitor", "%4d %4d", v0x7ff9d1c0c600_0, v0x7ff9d1c0c690_0 {0 0 0};
    %end;
    .thread T_1;
    .scope S_0x7ff9d1d0c8e0;
T_2 ;
    %delay 50, 0;
    %load/vec4 v0x7ff9d1c0c600_0;
    %pushi/vec4 1, 0, 1;
    %add;
    %store/vec4 v0x7ff9d1c0c600_0, 0, 1;
    %jmp T_2;
    .thread T_2;
    .scope S_0x7ff9d1d0c8e0;
T_3 ;
    %delay 50, 0;
    %vpi_call 4 18 "$finish", 32'sb00000000000000000000000000000000 {0 0 0};
    %end;
    .thread T_3;
# The file index is used to find the file name in the following table.
:file_names 5;
    "N/A";
    "<interactive>";
    "./gates.v";
    "./../00/gates.v";
    "Not_test.v";
