#! /usr/local/Cellar/icarus-verilog/10.0/bin/vvp
:ivl_version "10.0 (stable)" "(v10_0)";
:ivl_delay_selection "TYPICAL";
:vpi_time_precision + 0;
:vpi_module "system";
:vpi_module "vhdl_sys";
:vpi_module "v2005_math";
:vpi_module "va_math";
S_0x7fc923d03020 .scope module, "main" "main" 2 3;
 .timescale 0 0;
v0x7fc923e001b0_0 .var "a", 0 0;
v0x7fc923e00250_0 .var "b", 0 0;
v0x7fc923e002f0_0 .net "out", 0 0, L_0x7fc923e00d80;  1 drivers
S_0x7fc923d03180 .scope module, "g" "Xor" 2 7, 3 18 0, S_0x7fc923d03020;
 .timescale 0 0;
    .port_info 0 /INPUT 1 "a"
    .port_info 1 /INPUT 1 "b"
    .port_info 2 /OUTPUT 1 "out"
v0x7fc923d17e50_0 .net "Nota", 0 0, L_0x7fc923e003a0;  1 drivers
v0x7fc923d17f70_0 .net "NotaAndb", 0 0, L_0x7fc923e009a0;  1 drivers
v0x7fc923d18000_0 .net "Notb", 0 0, L_0x7fc923e00530;  1 drivers
v0x7fc923d18110_0 .net "a", 0 0, v0x7fc923e001b0_0;  1 drivers
v0x7fc923d181a0_0 .net "aAndNotb", 0 0, L_0x7fc923e00760;  1 drivers
v0x7fc923e00000_0 .net "b", 0 0, v0x7fc923e00250_0;  1 drivers
v0x7fc923e00090_0 .net "out", 0 0, L_0x7fc923e00d80;  alias, 1 drivers
S_0x7fc923d03330 .scope module, "g1" "Not" 3 19, 3 8 0, S_0x7fc923d03180;
 .timescale 0 0;
    .port_info 0 /INPUT 1 "in"
    .port_info 1 /OUTPUT 1 "out"
v0x7fc923d13850_0 .net "in", 0 0, v0x7fc923e001b0_0;  alias, 1 drivers
v0x7fc923d13930_0 .net "out", 0 0, L_0x7fc923e003a0;  alias, 1 drivers
S_0x7fc923d034e0 .scope module, "g" "Nand" 3 9, 4 1 0, S_0x7fc923d03330;
 .timescale 0 0;
    .port_info 0 /INPUT 1 "a"
    .port_info 1 /INPUT 1 "b"
    .port_info 2 /OUTPUT 1 "out"
L_0x7fc923e003a0 .functor NAND 1, v0x7fc923e001b0_0, v0x7fc923e001b0_0, C4<1>, C4<1>;
v0x7fc923d036e0_0 .net "a", 0 0, v0x7fc923e001b0_0;  alias, 1 drivers
v0x7fc923d136b0_0 .net "b", 0 0, v0x7fc923e001b0_0;  alias, 1 drivers
v0x7fc923d13770_0 .net "out", 0 0, L_0x7fc923e003a0;  alias, 1 drivers
S_0x7fc923d139c0 .scope module, "g2" "Not" 3 20, 3 8 0, S_0x7fc923d03180;
 .timescale 0 0;
    .port_info 0 /INPUT 1 "in"
    .port_info 1 /OUTPUT 1 "out"
v0x7fc923d14020_0 .net "in", 0 0, v0x7fc923e00250_0;  alias, 1 drivers
v0x7fc923d14100_0 .net "out", 0 0, L_0x7fc923e00530;  alias, 1 drivers
S_0x7fc923d13ba0 .scope module, "g" "Nand" 3 9, 4 1 0, S_0x7fc923d139c0;
 .timescale 0 0;
    .port_info 0 /INPUT 1 "a"
    .port_info 1 /INPUT 1 "b"
    .port_info 2 /OUTPUT 1 "out"
L_0x7fc923e00530 .functor NAND 1, v0x7fc923e00250_0, v0x7fc923e00250_0, C4<1>, C4<1>;
v0x7fc923d13dd0_0 .net "a", 0 0, v0x7fc923e00250_0;  alias, 1 drivers
v0x7fc923d13e80_0 .net "b", 0 0, v0x7fc923e00250_0;  alias, 1 drivers
v0x7fc923d13f40_0 .net "out", 0 0, L_0x7fc923e00530;  alias, 1 drivers
S_0x7fc923d14190 .scope module, "g3" "And" 3 21, 3 3 0, S_0x7fc923d03180;
 .timescale 0 0;
    .port_info 0 /INPUT 1 "a"
    .port_info 1 /INPUT 1 "b"
    .port_info 2 /OUTPUT 1 "out"
v0x7fc923d14fe0_0 .net "a", 0 0, v0x7fc923e001b0_0;  alias, 1 drivers
v0x7fc923d150f0_0 .net "aNandb", 0 0, L_0x7fc923e006c0;  1 drivers
v0x7fc923d15210_0 .net "b", 0 0, L_0x7fc923e00530;  alias, 1 drivers
v0x7fc923d152a0_0 .net "out", 0 0, L_0x7fc923e00760;  alias, 1 drivers
S_0x7fc923d143d0 .scope module, "g1" "Nand" 3 4, 4 1 0, S_0x7fc923d14190;
 .timescale 0 0;
    .port_info 0 /INPUT 1 "a"
    .port_info 1 /INPUT 1 "b"
    .port_info 2 /OUTPUT 1 "out"
L_0x7fc923e006c0 .functor NAND 1, v0x7fc923e001b0_0, L_0x7fc923e00530, C4<1>, C4<1>;
v0x7fc923d145f0_0 .net "a", 0 0, v0x7fc923e001b0_0;  alias, 1 drivers
v0x7fc923d14680_0 .net "b", 0 0, L_0x7fc923e00530;  alias, 1 drivers
v0x7fc923d14760_0 .net "out", 0 0, L_0x7fc923e006c0;  alias, 1 drivers
S_0x7fc923d14830 .scope module, "g2" "Not" 3 5, 3 8 0, S_0x7fc923d14190;
 .timescale 0 0;
    .port_info 0 /INPUT 1 "in"
    .port_info 1 /OUTPUT 1 "out"
v0x7fc923d14e90_0 .net "in", 0 0, L_0x7fc923e006c0;  alias, 1 drivers
v0x7fc923d14f30_0 .net "out", 0 0, L_0x7fc923e00760;  alias, 1 drivers
S_0x7fc923d14a20 .scope module, "g" "Nand" 3 9, 4 1 0, S_0x7fc923d14830;
 .timescale 0 0;
    .port_info 0 /INPUT 1 "a"
    .port_info 1 /INPUT 1 "b"
    .port_info 2 /OUTPUT 1 "out"
L_0x7fc923e00760 .functor NAND 1, L_0x7fc923e006c0, L_0x7fc923e006c0, C4<1>, C4<1>;
v0x7fc923d14c40_0 .net "a", 0 0, L_0x7fc923e006c0;  alias, 1 drivers
v0x7fc923d14cf0_0 .net "b", 0 0, L_0x7fc923e006c0;  alias, 1 drivers
v0x7fc923d14dc0_0 .net "out", 0 0, L_0x7fc923e00760;  alias, 1 drivers
S_0x7fc923d15330 .scope module, "g4" "And" 3 22, 3 3 0, S_0x7fc923d03180;
 .timescale 0 0;
    .port_info 0 /INPUT 1 "a"
    .port_info 1 /INPUT 1 "b"
    .port_info 2 /OUTPUT 1 "out"
v0x7fc923d16150_0 .net "a", 0 0, L_0x7fc923e003a0;  alias, 1 drivers
v0x7fc923d161e0_0 .net "aNandb", 0 0, L_0x7fc923e00900;  1 drivers
v0x7fc923d16300_0 .net "b", 0 0, v0x7fc923e00250_0;  alias, 1 drivers
v0x7fc923d16430_0 .net "out", 0 0, L_0x7fc923e009a0;  alias, 1 drivers
S_0x7fc923d15530 .scope module, "g1" "Nand" 3 4, 4 1 0, S_0x7fc923d15330;
 .timescale 0 0;
    .port_info 0 /INPUT 1 "a"
    .port_info 1 /INPUT 1 "b"
    .port_info 2 /OUTPUT 1 "out"
L_0x7fc923e00900 .functor NAND 1, L_0x7fc923e003a0, v0x7fc923e00250_0, C4<1>, C4<1>;
v0x7fc923d15750_0 .net "a", 0 0, L_0x7fc923e003a0;  alias, 1 drivers
v0x7fc923d15830_0 .net "b", 0 0, v0x7fc923e00250_0;  alias, 1 drivers
v0x7fc923d158d0_0 .net "out", 0 0, L_0x7fc923e00900;  alias, 1 drivers
S_0x7fc923d159a0 .scope module, "g2" "Not" 3 5, 3 8 0, S_0x7fc923d15330;
 .timescale 0 0;
    .port_info 0 /INPUT 1 "in"
    .port_info 1 /OUTPUT 1 "out"
v0x7fc923d16000_0 .net "in", 0 0, L_0x7fc923e00900;  alias, 1 drivers
v0x7fc923d160a0_0 .net "out", 0 0, L_0x7fc923e009a0;  alias, 1 drivers
S_0x7fc923d15b90 .scope module, "g" "Nand" 3 9, 4 1 0, S_0x7fc923d159a0;
 .timescale 0 0;
    .port_info 0 /INPUT 1 "a"
    .port_info 1 /INPUT 1 "b"
    .port_info 2 /OUTPUT 1 "out"
L_0x7fc923e009a0 .functor NAND 1, L_0x7fc923e00900, L_0x7fc923e00900, C4<1>, C4<1>;
v0x7fc923d15db0_0 .net "a", 0 0, L_0x7fc923e00900;  alias, 1 drivers
v0x7fc923d15e60_0 .net "b", 0 0, L_0x7fc923e00900;  alias, 1 drivers
v0x7fc923d15f30_0 .net "out", 0 0, L_0x7fc923e009a0;  alias, 1 drivers
S_0x7fc923d164c0 .scope module, "g5" "Or" 3 23, 3 12 0, S_0x7fc923d03180;
 .timescale 0 0;
    .port_info 0 /INPUT 1 "a"
    .port_info 1 /INPUT 1 "b"
    .port_info 2 /OUTPUT 1 "out"
v0x7fc923d17b00_0 .net "Nota", 0 0, L_0x7fc923e00b40;  1 drivers
v0x7fc923d17ba0_0 .net "Notb", 0 0, L_0x7fc923e00c60;  1 drivers
v0x7fc923d17c40_0 .net "a", 0 0, L_0x7fc923e00760;  alias, 1 drivers
v0x7fc923d17cd0_0 .net "b", 0 0, L_0x7fc923e009a0;  alias, 1 drivers
v0x7fc923d17d60_0 .net "out", 0 0, L_0x7fc923e00d80;  alias, 1 drivers
S_0x7fc923d16700 .scope module, "g1" "Not" 3 13, 3 8 0, S_0x7fc923d164c0;
 .timescale 0 0;
    .port_info 0 /INPUT 1 "in"
    .port_info 1 /OUTPUT 1 "out"
v0x7fc923d16d50_0 .net "in", 0 0, L_0x7fc923e00760;  alias, 1 drivers
v0x7fc923d16df0_0 .net "out", 0 0, L_0x7fc923e00b40;  alias, 1 drivers
S_0x7fc923d168b0 .scope module, "g" "Nand" 3 9, 4 1 0, S_0x7fc923d16700;
 .timescale 0 0;
    .port_info 0 /INPUT 1 "a"
    .port_info 1 /INPUT 1 "b"
    .port_info 2 /OUTPUT 1 "out"
L_0x7fc923e00b40 .functor NAND 1, L_0x7fc923e00760, L_0x7fc923e00760, C4<1>, C4<1>;
v0x7fc923d16ae0_0 .net "a", 0 0, L_0x7fc923e00760;  alias, 1 drivers
v0x7fc923d16b80_0 .net "b", 0 0, L_0x7fc923e00760;  alias, 1 drivers
v0x7fc923d16ca0_0 .net "out", 0 0, L_0x7fc923e00b40;  alias, 1 drivers
S_0x7fc923d16ea0 .scope module, "g2" "Not" 3 14, 3 8 0, S_0x7fc923d164c0;
 .timescale 0 0;
    .port_info 0 /INPUT 1 "in"
    .port_info 1 /OUTPUT 1 "out"
v0x7fc923d17520_0 .net "in", 0 0, L_0x7fc923e009a0;  alias, 1 drivers
v0x7fc923d175c0_0 .net "out", 0 0, L_0x7fc923e00c60;  alias, 1 drivers
S_0x7fc923d17080 .scope module, "g" "Nand" 3 9, 4 1 0, S_0x7fc923d16ea0;
 .timescale 0 0;
    .port_info 0 /INPUT 1 "a"
    .port_info 1 /INPUT 1 "b"
    .port_info 2 /OUTPUT 1 "out"
L_0x7fc923e00c60 .functor NAND 1, L_0x7fc923e009a0, L_0x7fc923e009a0, C4<1>, C4<1>;
v0x7fc923d172b0_0 .net "a", 0 0, L_0x7fc923e009a0;  alias, 1 drivers
v0x7fc923d17350_0 .net "b", 0 0, L_0x7fc923e009a0;  alias, 1 drivers
v0x7fc923d17470_0 .net "out", 0 0, L_0x7fc923e00c60;  alias, 1 drivers
S_0x7fc923d17670 .scope module, "g3" "Nand" 3 15, 4 1 0, S_0x7fc923d164c0;
 .timescale 0 0;
    .port_info 0 /INPUT 1 "a"
    .port_info 1 /INPUT 1 "b"
    .port_info 2 /OUTPUT 1 "out"
L_0x7fc923e00d80 .functor NAND 1, L_0x7fc923e00b40, L_0x7fc923e00c60, C4<1>, C4<1>;
v0x7fc923d178b0_0 .net "a", 0 0, L_0x7fc923e00b40;  alias, 1 drivers
v0x7fc923d17980_0 .net "b", 0 0, L_0x7fc923e00c60;  alias, 1 drivers
v0x7fc923d17a50_0 .net "out", 0 0, L_0x7fc923e00d80;  alias, 1 drivers
    .scope S_0x7fc923d03020;
T_0 ;
    %pushi/vec4 0, 0, 1;
    %store/vec4 v0x7fc923e001b0_0, 0, 1;
    %end;
    .thread T_0;
    .scope S_0x7fc923d03020;
T_1 ;
    %pushi/vec4 0, 0, 1;
    %store/vec4 v0x7fc923e00250_0, 0, 1;
    %end;
    .thread T_1;
    .scope S_0x7fc923d03020;
T_2 ;
    %vpi_call 2 10 "$display", "%4s %4s %5s\012", "a", "b", "out" {0 0 0};
    %vpi_call 2 11 "$monitor", "%4d %4d %4d", v0x7fc923e001b0_0, v0x7fc923e00250_0, v0x7fc923e002f0_0 {0 0 0};
    %end;
    .thread T_2;
    .scope S_0x7fc923d03020;
T_3 ;
    %delay 50, 0;
    %load/vec4 v0x7fc923e00250_0;
    %pushi/vec4 1, 0, 1;
    %add;
    %store/vec4 v0x7fc923e00250_0, 0, 1;
    %jmp T_3;
    .thread T_3;
    .scope S_0x7fc923d03020;
T_4 ;
    %delay 100, 0;
    %load/vec4 v0x7fc923e001b0_0;
    %pushi/vec4 1, 0, 1;
    %add;
    %store/vec4 v0x7fc923e001b0_0, 0, 1;
    %jmp T_4;
    .thread T_4;
    .scope S_0x7fc923d03020;
T_5 ;
    %delay 150, 0;
    %vpi_call 2 22 "$finish", 32'sb00000000000000000000000000000000 {0 0 0};
    %end;
    .thread T_5;
# The file index is used to find the file name in the following table.
:file_names 5;
    "N/A";
    "<interactive>";
    "Xor_test.v";
    "./gates.v";
    "./../00/gates.v";
