#! /c/Source/iverilog-install/bin/vvp
:ivl_version "12.0 (devel)" "(s20150603-1539-g2693dd32b)";
:ivl_delay_selection "TYPICAL";
:vpi_time_precision + 0;
:vpi_module "C:\iverilog\lib\ivl\system.vpi";
:vpi_module "C:\iverilog\lib\ivl\vhdl_sys.vpi";
:vpi_module "C:\iverilog\lib\ivl\vhdl_textio.vpi";
:vpi_module "C:\iverilog\lib\ivl\v2005_math.vpi";
:vpi_module "C:\iverilog\lib\ivl\va_math.vpi";
S_000001605ac227b0 .scope module, "main" "main" 2 6;
 .timescale 0 0;
v000001605ac0ed00_0 .var "a", 0 0;
v000001605ac22ad0_0 .var "b", 0 0;
v000001605ac22b70_0 .net "out", 0 0, L_000001605ac0e950;  1 drivers
S_000001605ac22940 .scope module, "g" "Nand" 2 10, 3 1 0, S_000001605ac227b0;
 .timescale 0 0;
    .port_info 0 /INPUT 1 "a";
    .port_info 1 /INPUT 1 "b";
    .port_info 2 /OUTPUT 1 "out";
L_000001605ac0e950 .functor NAND 1, v000001605ac0ed00_0, v000001605ac22ad0_0, C4<1>, C4<1>;
v000001605ac22df0_0 .net "a", 0 0, v000001605ac0ed00_0;  1 drivers
v000001605ac55560_0 .net "b", 0 0, v000001605ac22ad0_0;  1 drivers
v000001605ac0ea30_0 .net "out", 0 0, L_000001605ac0e950;  alias, 1 drivers
    .scope S_000001605ac227b0;
T_0 ;
    %pushi/vec4 0, 0, 1;
    %store/vec4 v000001605ac0ed00_0, 0, 1;
    %pushi/vec4 0, 0, 1;
    %store/vec4 v000001605ac22ad0_0, 0, 1;
    %end;
    .thread T_0;
    .scope S_000001605ac227b0;
T_1 ;
    %vpi_call 2 13 "$display", "%4s %4s %5s\012", "a", "b", "out" {0 0 0};
    %vpi_call 2 14 "$monitor", "%4d %4d %4d", v000001605ac0ed00_0, v000001605ac22ad0_0, v000001605ac22b70_0 {0 0 0};
    %end;
    .thread T_1;
    .scope S_000001605ac227b0;
T_2 ;
    %delay 50, 0;
    ; show_stmt_assign_vector: Get l-value for compressed += operand
    %load/vec4 v000001605ac22ad0_0;
    %pushi/vec4 1, 0, 1;
    %add;
    %store/vec4 v000001605ac22ad0_0, 0, 1;
    %jmp T_2;
    .thread T_2;
    .scope S_000001605ac227b0;
T_3 ;
    %delay 100, 0;
    ; show_stmt_assign_vector: Get l-value for compressed += operand
    %load/vec4 v000001605ac0ed00_0;
    %pushi/vec4 1, 0, 1;
    %add;
    %store/vec4 v000001605ac0ed00_0, 0, 1;
    %jmp T_3;
    .thread T_3;
    .scope S_000001605ac227b0;
T_4 ;
    %delay 150, 0;
    %vpi_call 2 25 "$finish", 32'sb00000000000000000000000000000000 {0 0 0};
    %end;
    .thread T_4;
# The file index is used to find the file name in the following table.
:file_names 4;
    "N/A";
    "<interactive>";
    "Nand_test.v";
    "./Nand.v";
