#! /usr/local/Cellar/icarus-verilog/10.0/bin/vvp
:ivl_version "10.0 (stable)" "(v10_0)";
:ivl_delay_selection "TYPICAL";
:vpi_time_precision + 0;
:vpi_module "system";
:vpi_module "vhdl_sys";
:vpi_module "v2005_math";
:vpi_module "va_math";
S_0x7fd21cc03460 .scope module, "main" "main" 2 6;
 .timescale 0 0;
v0x7fd21cc17c70_0 .var "a", 0 0;
v0x7fd21cc17d10_0 .var "b", 0 0;
v0x7fd21cc17dc0_0 .net "out", 0 0, L_0x7fd21cc17e90;  1 drivers
S_0x7fd21cc07b00 .scope module, "g" "Nand" 2 10, 3 1 0, S_0x7fd21cc03460;
 .timescale 0 0;
    .port_info 0 /INPUT 1 "a"
    .port_info 1 /INPUT 1 "b"
    .port_info 2 /OUTPUT 1 "out"
L_0x7fd21cc17e90 .functor NAND 1, v0x7fd21cc17c70_0, v0x7fd21cc17d10_0, C4<1>, C4<1>;
v0x7fd21cc03ea0_0 .net "a", 0 0, v0x7fd21cc17c70_0;  1 drivers
v0x7fd21cc17ad0_0 .net "b", 0 0, v0x7fd21cc17d10_0;  1 drivers
v0x7fd21cc17b70_0 .net "out", 0 0, L_0x7fd21cc17e90;  alias, 1 drivers
    .scope S_0x7fd21cc03460;
T_0 ;
    %pushi/vec4 0, 0, 1;
    %store/vec4 v0x7fd21cc17c70_0, 0, 1;
    %end;
    .thread T_0;
    .scope S_0x7fd21cc03460;
T_1 ;
    %pushi/vec4 0, 0, 1;
    %store/vec4 v0x7fd21cc17d10_0, 0, 1;
    %end;
    .thread T_1;
    .scope S_0x7fd21cc03460;
T_2 ;
    %vpi_call 2 13 "$display", "%4s %4s %5s\012", "a", "b", "out" {0 0 0};
    %vpi_call 2 14 "$monitor", "%4d %4d %4d", v0x7fd21cc17c70_0, v0x7fd21cc17d10_0, v0x7fd21cc17dc0_0 {0 0 0};
    %end;
    .thread T_2;
    .scope S_0x7fd21cc03460;
T_3 ;
    %delay 50, 0;
    %load/vec4 v0x7fd21cc17d10_0;
    %pushi/vec4 1, 0, 1;
    %add;
    %store/vec4 v0x7fd21cc17d10_0, 0, 1;
    %jmp T_3;
    .thread T_3;
    .scope S_0x7fd21cc03460;
T_4 ;
    %delay 100, 0;
    %load/vec4 v0x7fd21cc17c70_0;
    %pushi/vec4 1, 0, 1;
    %add;
    %store/vec4 v0x7fd21cc17c70_0, 0, 1;
    %jmp T_4;
    .thread T_4;
    .scope S_0x7fd21cc03460;
T_5 ;
    %delay 150, 0;
    %vpi_call 2 25 "$finish", 32'sb00000000000000000000000000000000 {0 0 0};
    %end;
    .thread T_5;
# The file index is used to find the file name in the following table.
:file_names 4;
    "N/A";
    "<interactive>";
    "Nand_test.v";
    "./gates.v";
